2025-05-22T07:55:07.359-06:00  INFO 15396 --- [compilador] [main] appCompilador.AppCompiladorApplication   : Starting AppCompiladorApplication using Java 22.0.2 with PID 15396 (C:\Users\HOLA\Desktop\Asig\Compiladores\2doParcial\CompiladorConEureka\CompiladorAPP\AppCompilador\target\classes started by HOLA in C:\Users\HOLA\Desktop\Asig\Compiladores\2doParcial\CompiladorConEureka\CompiladorAPP\AppCompilador)
2025-05-22T07:55:07.363-06:00  INFO 15396 --- [compilador] [main] appCompilador.AppCompiladorApplication   : No active profile set, falling back to 1 default profile: "default"
2025-05-22T07:55:09.499-06:00  INFO 15396 --- [compilador] [main] o.s.cloud.context.scope.GenericScope     : BeanFactory id=3099c522-77fa-3343-bdbb-9ca7c59e9da6
2025-05-22T07:55:09.754-06:00  WARN 15396 --- [compilador] [main] trationDelegate$BeanPostProcessorChecker : Bean 'org.springframework.cloud.client.loadbalancer.LoadBalancerAutoConfiguration$DeferringLoadBalancerInterceptorConfig' of type [org.springframework.cloud.client.loadbalancer.LoadBalancerAutoConfiguration$DeferringLoadBalancerInterceptorConfig] is not eligible for getting processed by all BeanPostProcessors (for example: not eligible for auto-proxying). The currently created BeanPostProcessor [lbRestClientPostProcessor] is declared through a non-static factory method on that class; consider declaring it as static instead.
2025-05-22T07:55:09.759-06:00  WARN 15396 --- [compilador] [main] trationDelegate$BeanPostProcessorChecker : Bean 'deferringLoadBalancerInterceptor' of type [org.springframework.cloud.client.loadbalancer.DeferringLoadBalancerInterceptor] is not eligible for getting processed by all BeanPostProcessors (for example: not eligible for auto-proxying). Is this bean getting eagerly injected into a currently created BeanPostProcessor [lbRestClientPostProcessor]? Check the corresponding BeanPostProcessor declaration and its dependencies.
2025-05-22T07:55:10.471-06:00  INFO 15396 --- [compilador] [main] o.s.b.w.embedded.tomcat.TomcatWebServer  : Tomcat initialized with port 8081 (http)
2025-05-22T07:55:10.512-06:00  INFO 15396 --- [compilador] [main] o.apache.catalina.core.StandardService   : Starting service [Tomcat]
2025-05-22T07:55:10.514-06:00  INFO 15396 --- [compilador] [main] o.apache.catalina.core.StandardEngine    : Starting Servlet engine: [Apache Tomcat/10.1.19]
2025-05-22T07:55:10.698-06:00  INFO 15396 --- [compilador] [main] o.a.c.c.C.[Tomcat].[localhost].[/]       : Initializing Spring embedded WebApplicationContext
2025-05-22T07:55:10.699-06:00  INFO 15396 --- [compilador] [main] w.s.c.ServletWebServerApplicationContext : Root WebApplicationContext: initialization completed in 3232 ms
2025-05-22T07:55:11.231-06:00  INFO 15396 --- [compilador] [main] o.s.c.openfeign.FeignClientFactoryBean   : For 'app-parser' URL not provided. Will try picking an instance via load-balancing.
2025-05-22T07:55:11.358-06:00  INFO 15396 --- [compilador] [main] o.s.c.openfeign.FeignClientFactoryBean   : For 'app-lexer' URL not provided. Will try picking an instance via load-balancing.
2025-05-22T07:55:11.397-06:00  INFO 15396 --- [compilador] [main] o.s.c.openfeign.FeignClientFactoryBean   : For 'app-semantica' URL not provided. Will try picking an instance via load-balancing.
2025-05-22T07:55:12.669-06:00  INFO 15396 --- [compilador] [main] DiscoveryClientOptionalArgsConfiguration : Eureka HTTP Client uses RestTemplate.
2025-05-22T07:55:12.742-06:00  WARN 15396 --- [compilador] [main] iguration$LoadBalancerCaffeineWarnLogger : Spring Cloud LoadBalancer is currently working with the default cache. While this cache implementation is useful for development and tests, it's recommended to use Caffeine cache in production.You can switch to using Caffeine cache, by adding it and org.springframework.cache.caffeine.CaffeineCacheManager to the classpath.
2025-05-22T07:55:12.817-06:00  INFO 15396 --- [compilador] [main] o.s.c.n.eureka.InstanceInfoFactory       : Setting initial instance status as: STARTING
2025-05-22T07:55:13.112-06:00  INFO 15396 --- [compilador] [main] com.netflix.discovery.DiscoveryClient    : Initializing Eureka in region us-east-1
2025-05-22T07:55:13.125-06:00  INFO 15396 --- [compilador] [main] c.n.d.s.r.aws.ConfigClusterResolver      : Resolving eureka endpoints via configuration
2025-05-22T07:55:13.189-06:00  INFO 15396 --- [compilador] [main] com.netflix.discovery.DiscoveryClient    : Disable delta property : false
2025-05-22T07:55:13.190-06:00  INFO 15396 --- [compilador] [main] com.netflix.discovery.DiscoveryClient    : Single vip registry refresh property : null
2025-05-22T07:55:13.191-06:00  INFO 15396 --- [compilador] [main] com.netflix.discovery.DiscoveryClient    : Force full registry fetch : false
2025-05-22T07:55:13.191-06:00  INFO 15396 --- [compilador] [main] com.netflix.discovery.DiscoveryClient    : Application is null : false
2025-05-22T07:55:13.192-06:00  INFO 15396 --- [compilador] [main] com.netflix.discovery.DiscoveryClient    : Registered Applications size is zero : true
2025-05-22T07:55:13.193-06:00  INFO 15396 --- [compilador] [main] com.netflix.discovery.DiscoveryClient    : Application version is -1: true
2025-05-22T07:55:13.193-06:00  INFO 15396 --- [compilador] [main] com.netflix.discovery.DiscoveryClient    : Getting all instance registry info from the eureka server
2025-05-22T07:55:14.360-06:00  INFO 15396 --- [compilador] [main] com.netflix.discovery.DiscoveryClient    : The response status is 200
2025-05-22T07:55:14.366-06:00  INFO 15396 --- [compilador] [main] com.netflix.discovery.DiscoveryClient    : Starting heartbeat executor: renew interval is: 30
2025-05-22T07:55:14.374-06:00  INFO 15396 --- [compilador] [main] c.n.discovery.InstanceInfoReplicator     : InstanceInfoReplicator onDemand update allowed rate per min is 4
2025-05-22T07:55:14.395-06:00  INFO 15396 --- [compilador] [main] com.netflix.discovery.DiscoveryClient    : Discovery Client initialized at timestamp 1747922114390 with initial instances count: 0
2025-05-22T07:55:14.402-06:00  INFO 15396 --- [compilador] [main] o.s.c.n.e.s.EurekaServiceRegistry        : Registering application COMPILADOR with eureka with status UP
2025-05-22T07:55:14.410-06:00  INFO 15396 --- [compilador] [main] com.netflix.discovery.DiscoveryClient    : Saw local status change event StatusChangeEvent [timestamp=1747922114409, current=UP, previous=STARTING]
2025-05-22T07:55:14.419-06:00  INFO 15396 --- [compilador] [DiscoveryClient-InstanceInfoReplicator-0] com.netflix.discovery.DiscoveryClient    : DiscoveryClient_COMPILADOR/LAPTOP-QD8DGEIF:compilador:8081: registering service...
2025-05-22T07:55:14.500-06:00  INFO 15396 --- [compilador] [main] o.s.b.w.embedded.tomcat.TomcatWebServer  : Tomcat started on port 8081 (http) with context path ''
2025-05-22T07:55:14.503-06:00  INFO 15396 --- [compilador] [main] .s.c.n.e.s.EurekaAutoServiceRegistration : Updating port to 8081
2025-05-22T07:55:14.540-06:00  INFO 15396 --- [compilador] [main] appCompilador.AppCompiladorApplication   : Started AppCompiladorApplication in 8.285 seconds (process running for 9.149)
2025-05-22T07:55:14.959-06:00  INFO 15396 --- [compilador] [DiscoveryClient-InstanceInfoReplicator-0] com.netflix.discovery.DiscoveryClient    : DiscoveryClient_COMPILADOR/LAPTOP-QD8DGEIF:compilador:8081 - registration status: 204
2025-05-22T07:55:44.380-06:00  INFO 15396 --- [compilador] [DiscoveryClient-CacheRefreshExecutor-0] com.netflix.discovery.DiscoveryClient    : Disable delta property : false
2025-05-22T07:55:44.381-06:00  INFO 15396 --- [compilador] [DiscoveryClient-CacheRefreshExecutor-0] com.netflix.discovery.DiscoveryClient    : Single vip registry refresh property : null
2025-05-22T07:55:44.382-06:00  INFO 15396 --- [compilador] [DiscoveryClient-CacheRefreshExecutor-0] com.netflix.discovery.DiscoveryClient    : Force full registry fetch : false
2025-05-22T07:55:44.382-06:00  INFO 15396 --- [compilador] [DiscoveryClient-CacheRefreshExecutor-0] com.netflix.discovery.DiscoveryClient    : Application is null : false
2025-05-22T07:55:44.383-06:00  INFO 15396 --- [compilador] [DiscoveryClient-CacheRefreshExecutor-0] com.netflix.discovery.DiscoveryClient    : Registered Applications size is zero : true
2025-05-22T07:55:44.384-06:00  INFO 15396 --- [compilador] [DiscoveryClient-CacheRefreshExecutor-0] com.netflix.discovery.DiscoveryClient    : Application version is -1: false
2025-05-22T07:55:44.385-06:00  INFO 15396 --- [compilador] [DiscoveryClient-CacheRefreshExecutor-0] com.netflix.discovery.DiscoveryClient    : Getting all instance registry info from the eureka server
2025-05-22T07:55:44.440-06:00  INFO 15396 --- [compilador] [DiscoveryClient-CacheRefreshExecutor-0] com.netflix.discovery.DiscoveryClient    : The response status is 200
2025-05-22T07:56:54.572-06:00  INFO 14484 --- [compilador] [main] appCompilador.AppCompiladorApplication   : Starting AppCompiladorApplication using Java 22.0.2 with PID 14484 (C:\Users\HOLA\Desktop\Asig\Compiladores\2doParcial\CompiladorConEureka\CompiladorAPP\AppCompilador\target\classes started by HOLA in C:\Users\HOLA\Desktop\Asig\Compiladores\2doParcial\CompiladorConEureka\CompiladorAPP\AppCompilador)
2025-05-22T07:56:54.576-06:00  INFO 14484 --- [compilador] [main] appCompilador.AppCompiladorApplication   : No active profile set, falling back to 1 default profile: "default"
2025-05-22T07:56:56.305-06:00  INFO 14484 --- [compilador] [main] o.s.cloud.context.scope.GenericScope     : BeanFactory id=3099c522-77fa-3343-bdbb-9ca7c59e9da6
2025-05-22T07:56:56.507-06:00  WARN 14484 --- [compilador] [main] trationDelegate$BeanPostProcessorChecker : Bean 'org.springframework.cloud.client.loadbalancer.LoadBalancerAutoConfiguration$DeferringLoadBalancerInterceptorConfig' of type [org.springframework.cloud.client.loadbalancer.LoadBalancerAutoConfiguration$DeferringLoadBalancerInterceptorConfig] is not eligible for getting processed by all BeanPostProcessors (for example: not eligible for auto-proxying). The currently created BeanPostProcessor [lbRestClientPostProcessor] is declared through a non-static factory method on that class; consider declaring it as static instead.
2025-05-22T07:56:56.511-06:00  WARN 14484 --- [compilador] [main] trationDelegate$BeanPostProcessorChecker : Bean 'deferringLoadBalancerInterceptor' of type [org.springframework.cloud.client.loadbalancer.DeferringLoadBalancerInterceptor] is not eligible for getting processed by all BeanPostProcessors (for example: not eligible for auto-proxying). Is this bean getting eagerly injected into a currently created BeanPostProcessor [lbRestClientPostProcessor]? Check the corresponding BeanPostProcessor declaration and its dependencies.
2025-05-22T07:56:56.925-06:00  INFO 14484 --- [compilador] [main] o.s.b.w.embedded.tomcat.TomcatWebServer  : Tomcat initialized with port 8081 (http)
2025-05-22T07:56:56.951-06:00  INFO 14484 --- [compilador] [main] o.apache.catalina.core.StandardService   : Starting service [Tomcat]
2025-05-22T07:56:56.952-06:00  INFO 14484 --- [compilador] [main] o.apache.catalina.core.StandardEngine    : Starting Servlet engine: [Apache Tomcat/10.1.19]
2025-05-22T07:56:57.076-06:00  INFO 14484 --- [compilador] [main] o.a.c.c.C.[Tomcat].[localhost].[/]       : Initializing Spring embedded WebApplicationContext
2025-05-22T07:56:57.077-06:00  INFO 14484 --- [compilador] [main] w.s.c.ServletWebServerApplicationContext : Root WebApplicationContext: initialization completed in 2406 ms
2025-05-22T07:56:57.486-06:00  INFO 14484 --- [compilador] [main] o.s.c.openfeign.FeignClientFactoryBean   : For 'app-parser' URL not provided. Will try picking an instance via load-balancing.
2025-05-22T07:56:57.583-06:00  INFO 14484 --- [compilador] [main] o.s.c.openfeign.FeignClientFactoryBean   : For 'app-lexer' URL not provided. Will try picking an instance via load-balancing.
2025-05-22T07:56:57.616-06:00  INFO 14484 --- [compilador] [main] o.s.c.openfeign.FeignClientFactoryBean   : For 'app-semantica' URL not provided. Will try picking an instance via load-balancing.
2025-05-22T07:56:58.489-06:00  INFO 14484 --- [compilador] [main] DiscoveryClientOptionalArgsConfiguration : Eureka HTTP Client uses RestTemplate.
2025-05-22T07:56:58.537-06:00  WARN 14484 --- [compilador] [main] iguration$LoadBalancerCaffeineWarnLogger : Spring Cloud LoadBalancer is currently working with the default cache. While this cache implementation is useful for development and tests, it's recommended to use Caffeine cache in production.You can switch to using Caffeine cache, by adding it and org.springframework.cache.caffeine.CaffeineCacheManager to the classpath.
2025-05-22T07:56:58.589-06:00  INFO 14484 --- [compilador] [main] o.s.c.n.eureka.InstanceInfoFactory       : Setting initial instance status as: STARTING
2025-05-22T07:56:58.773-06:00  INFO 14484 --- [compilador] [main] com.netflix.discovery.DiscoveryClient    : Initializing Eureka in region us-east-1
2025-05-22T07:56:58.782-06:00  INFO 14484 --- [compilador] [main] c.n.d.s.r.aws.ConfigClusterResolver      : Resolving eureka endpoints via configuration
2025-05-22T07:56:58.824-06:00  INFO 14484 --- [compilador] [main] com.netflix.discovery.DiscoveryClient    : Disable delta property : false
2025-05-22T07:56:58.825-06:00  INFO 14484 --- [compilador] [main] com.netflix.discovery.DiscoveryClient    : Single vip registry refresh property : null
2025-05-22T07:56:58.826-06:00  INFO 14484 --- [compilador] [main] com.netflix.discovery.DiscoveryClient    : Force full registry fetch : false
2025-05-22T07:56:58.826-06:00  INFO 14484 --- [compilador] [main] com.netflix.discovery.DiscoveryClient    : Application is null : false
2025-05-22T07:56:58.827-06:00  INFO 14484 --- [compilador] [main] com.netflix.discovery.DiscoveryClient    : Registered Applications size is zero : true
2025-05-22T07:56:58.827-06:00  INFO 14484 --- [compilador] [main] com.netflix.discovery.DiscoveryClient    : Application version is -1: true
2025-05-22T07:56:58.827-06:00  INFO 14484 --- [compilador] [main] com.netflix.discovery.DiscoveryClient    : Getting all instance registry info from the eureka server
2025-05-22T07:56:59.735-06:00  INFO 14484 --- [compilador] [main] com.netflix.discovery.DiscoveryClient    : The response status is 200
2025-05-22T07:56:59.739-06:00  INFO 14484 --- [compilador] [main] com.netflix.discovery.DiscoveryClient    : Starting heartbeat executor: renew interval is: 30
2025-05-22T07:56:59.743-06:00  INFO 14484 --- [compilador] [main] c.n.discovery.InstanceInfoReplicator     : InstanceInfoReplicator onDemand update allowed rate per min is 4
2025-05-22T07:56:59.754-06:00  INFO 14484 --- [compilador] [main] com.netflix.discovery.DiscoveryClient    : Discovery Client initialized at timestamp 1747922219752 with initial instances count: 0
2025-05-22T07:56:59.757-06:00  INFO 14484 --- [compilador] [main] o.s.c.n.e.s.EurekaServiceRegistry        : Registering application COMPILADOR with eureka with status UP
2025-05-22T07:56:59.758-06:00  INFO 14484 --- [compilador] [main] com.netflix.discovery.DiscoveryClient    : Saw local status change event StatusChangeEvent [timestamp=1747922219758, current=UP, previous=STARTING]
2025-05-22T07:56:59.762-06:00  INFO 14484 --- [compilador] [DiscoveryClient-InstanceInfoReplicator-0] com.netflix.discovery.DiscoveryClient    : DiscoveryClient_COMPILADOR/LAPTOP-QD8DGEIF:compilador:8081: registering service...
2025-05-22T07:56:59.798-06:00  INFO 14484 --- [compilador] [main] o.s.b.w.embedded.tomcat.TomcatWebServer  : Tomcat started on port 8081 (http) with context path ''
2025-05-22T07:56:59.800-06:00  INFO 14484 --- [compilador] [main] .s.c.n.e.s.EurekaAutoServiceRegistration : Updating port to 8081
2025-05-22T07:56:59.824-06:00  INFO 14484 --- [compilador] [main] appCompilador.AppCompiladorApplication   : Started AppCompiladorApplication in 6.287 seconds (process running for 7.233)
2025-05-22T07:57:00.010-06:00  INFO 14484 --- [compilador] [DiscoveryClient-InstanceInfoReplicator-0] com.netflix.discovery.DiscoveryClient    : DiscoveryClient_COMPILADOR/LAPTOP-QD8DGEIF:compilador:8081 - registration status: 204
2025-05-22T07:57:29.748-06:00  INFO 14484 --- [compilador] [DiscoveryClient-CacheRefreshExecutor-0] com.netflix.discovery.DiscoveryClient    : Disable delta property : false
2025-05-22T07:57:29.748-06:00  INFO 14484 --- [compilador] [DiscoveryClient-CacheRefreshExecutor-0] com.netflix.discovery.DiscoveryClient    : Single vip registry refresh property : null
2025-05-22T07:57:29.749-06:00  INFO 14484 --- [compilador] [DiscoveryClient-CacheRefreshExecutor-0] com.netflix.discovery.DiscoveryClient    : Force full registry fetch : false
2025-05-22T07:57:29.749-06:00  INFO 14484 --- [compilador] [DiscoveryClient-CacheRefreshExecutor-0] com.netflix.discovery.DiscoveryClient    : Application is null : false
2025-05-22T07:57:29.749-06:00  INFO 14484 --- [compilador] [DiscoveryClient-CacheRefreshExecutor-0] com.netflix.discovery.DiscoveryClient    : Registered Applications size is zero : true
2025-05-22T07:57:29.749-06:00  INFO 14484 --- [compilador] [DiscoveryClient-CacheRefreshExecutor-0] com.netflix.discovery.DiscoveryClient    : Application version is -1: false
2025-05-22T07:57:29.749-06:00  INFO 14484 --- [compilador] [DiscoveryClient-CacheRefreshExecutor-0] com.netflix.discovery.DiscoveryClient    : Getting all instance registry info from the eureka server
2025-05-22T07:57:29.803-06:00  INFO 14484 --- [compilador] [DiscoveryClient-CacheRefreshExecutor-0] com.netflix.discovery.DiscoveryClient    : The response status is 200
2025-05-22T08:01:56.597-06:00  INFO 14484 --- [compilador] [http-nio-8081-exec-1] o.a.c.c.C.[Tomcat].[localhost].[/]       : Initializing Spring DispatcherServlet 'dispatcherServlet'
2025-05-22T08:01:56.598-06:00  INFO 14484 --- [compilador] [http-nio-8081-exec-1] o.s.web.servlet.DispatcherServlet        : Initializing Servlet 'dispatcherServlet'
2025-05-22T08:01:56.601-06:00  INFO 14484 --- [compilador] [http-nio-8081-exec-1] o.s.web.servlet.DispatcherServlet        : Completed initialization in 2 ms
2025-05-22T08:01:58.836-06:00  INFO 14484 --- [compilador] [AsyncResolver-bootstrap-executor-0] c.n.d.s.r.aws.ConfigClusterResolver      : Resolving eureka endpoints via configuration
2025-05-22T08:04:42.544-06:00  INFO 28408 --- [compilador] [main] appCompilador.AppCompiladorApplication   : Starting AppCompiladorApplication using Java 22.0.2 with PID 28408 (C:\Users\HOLA\Desktop\Asig\Compiladores\2doParcial\CompiladorConEureka\CompiladorAPP\AppCompilador\target\classes started by HOLA in C:\Users\HOLA\Desktop\Asig\Compiladores\2doParcial\CompiladorConEureka\CompiladorAPP\AppCompilador)
2025-05-22T08:04:42.550-06:00  INFO 28408 --- [compilador] [main] appCompilador.AppCompiladorApplication   : No active profile set, falling back to 1 default profile: "default"
2025-05-22T08:04:45.829-06:00  INFO 28408 --- [compilador] [main] o.s.cloud.context.scope.GenericScope     : BeanFactory id=3099c522-77fa-3343-bdbb-9ca7c59e9da6
2025-05-22T08:04:46.161-06:00  WARN 28408 --- [compilador] [main] trationDelegate$BeanPostProcessorChecker : Bean 'org.springframework.cloud.client.loadbalancer.LoadBalancerAutoConfiguration$DeferringLoadBalancerInterceptorConfig' of type [org.springframework.cloud.client.loadbalancer.LoadBalancerAutoConfiguration$DeferringLoadBalancerInterceptorConfig] is not eligible for getting processed by all BeanPostProcessors (for example: not eligible for auto-proxying). The currently created BeanPostProcessor [lbRestClientPostProcessor] is declared through a non-static factory method on that class; consider declaring it as static instead.
2025-05-22T08:04:46.170-06:00  WARN 28408 --- [compilador] [main] trationDelegate$BeanPostProcessorChecker : Bean 'deferringLoadBalancerInterceptor' of type [org.springframework.cloud.client.loadbalancer.DeferringLoadBalancerInterceptor] is not eligible for getting processed by all BeanPostProcessors (for example: not eligible for auto-proxying). Is this bean getting eagerly injected into a currently created BeanPostProcessor [lbRestClientPostProcessor]? Check the corresponding BeanPostProcessor declaration and its dependencies.
2025-05-22T08:04:46.911-06:00  INFO 28408 --- [compilador] [main] o.s.b.w.embedded.tomcat.TomcatWebServer  : Tomcat initialized with port 8081 (http)
2025-05-22T08:04:46.954-06:00  INFO 28408 --- [compilador] [main] o.apache.catalina.core.StandardService   : Starting service [Tomcat]
2025-05-22T08:04:46.956-06:00  INFO 28408 --- [compilador] [main] o.apache.catalina.core.StandardEngine    : Starting Servlet engine: [Apache Tomcat/10.1.19]
2025-05-22T08:04:47.199-06:00  INFO 28408 --- [compilador] [main] o.a.c.c.C.[Tomcat].[localhost].[/]       : Initializing Spring embedded WebApplicationContext
2025-05-22T08:04:47.206-06:00  INFO 28408 --- [compilador] [main] w.s.c.ServletWebServerApplicationContext : Root WebApplicationContext: initialization completed in 4474 ms
2025-05-22T08:04:47.841-06:00  INFO 28408 --- [compilador] [main] o.s.c.openfeign.FeignClientFactoryBean   : For 'app-parser' URL not provided. Will try picking an instance via load-balancing.
2025-05-22T08:04:48.090-06:00  INFO 28408 --- [compilador] [main] o.s.c.openfeign.FeignClientFactoryBean   : For 'app-lexer' URL not provided. Will try picking an instance via load-balancing.
2025-05-22T08:04:48.161-06:00  INFO 28408 --- [compilador] [main] o.s.c.openfeign.FeignClientFactoryBean   : For 'app-semantica' URL not provided. Will try picking an instance via load-balancing.
2025-05-22T08:04:49.537-06:00  INFO 28408 --- [compilador] [main] DiscoveryClientOptionalArgsConfiguration : Eureka HTTP Client uses RestTemplate.
2025-05-22T08:04:49.607-06:00  WARN 28408 --- [compilador] [main] iguration$LoadBalancerCaffeineWarnLogger : Spring Cloud LoadBalancer is currently working with the default cache. While this cache implementation is useful for development and tests, it's recommended to use Caffeine cache in production.You can switch to using Caffeine cache, by adding it and org.springframework.cache.caffeine.CaffeineCacheManager to the classpath.
2025-05-22T08:04:49.686-06:00  INFO 28408 --- [compilador] [main] o.s.c.n.eureka.InstanceInfoFactory       : Setting initial instance status as: STARTING
2025-05-22T08:04:49.948-06:00  INFO 28408 --- [compilador] [main] com.netflix.discovery.DiscoveryClient    : Initializing Eureka in region us-east-1
2025-05-22T08:04:49.965-06:00  INFO 28408 --- [compilador] [main] c.n.d.s.r.aws.ConfigClusterResolver      : Resolving eureka endpoints via configuration
2025-05-22T08:04:50.018-06:00  INFO 28408 --- [compilador] [main] com.netflix.discovery.DiscoveryClient    : Disable delta property : false
2025-05-22T08:04:50.021-06:00  INFO 28408 --- [compilador] [main] com.netflix.discovery.DiscoveryClient    : Single vip registry refresh property : null
2025-05-22T08:04:50.021-06:00  INFO 28408 --- [compilador] [main] com.netflix.discovery.DiscoveryClient    : Force full registry fetch : false
2025-05-22T08:04:50.021-06:00  INFO 28408 --- [compilador] [main] com.netflix.discovery.DiscoveryClient    : Application is null : false
2025-05-22T08:04:50.021-06:00  INFO 28408 --- [compilador] [main] com.netflix.discovery.DiscoveryClient    : Registered Applications size is zero : true
2025-05-22T08:04:50.028-06:00  INFO 28408 --- [compilador] [main] com.netflix.discovery.DiscoveryClient    : Application version is -1: true
2025-05-22T08:04:50.028-06:00  INFO 28408 --- [compilador] [main] com.netflix.discovery.DiscoveryClient    : Getting all instance registry info from the eureka server
2025-05-22T08:04:51.285-06:00  INFO 28408 --- [compilador] [main] com.netflix.discovery.DiscoveryClient    : The response status is 200
2025-05-22T08:04:51.285-06:00  INFO 28408 --- [compilador] [main] com.netflix.discovery.DiscoveryClient    : Starting heartbeat executor: renew interval is: 30
2025-05-22T08:04:51.304-06:00  INFO 28408 --- [compilador] [main] c.n.discovery.InstanceInfoReplicator     : InstanceInfoReplicator onDemand update allowed rate per min is 4
2025-05-22T08:04:51.320-06:00  INFO 28408 --- [compilador] [main] com.netflix.discovery.DiscoveryClient    : Discovery Client initialized at timestamp 1747922691317 with initial instances count: 0
2025-05-22T08:04:51.325-06:00  INFO 28408 --- [compilador] [main] o.s.c.n.e.s.EurekaServiceRegistry        : Registering application COMPILADOR with eureka with status UP
2025-05-22T08:04:51.328-06:00  INFO 28408 --- [compilador] [main] com.netflix.discovery.DiscoveryClient    : Saw local status change event StatusChangeEvent [timestamp=1747922691328, current=UP, previous=STARTING]
2025-05-22T08:04:51.331-06:00  INFO 28408 --- [compilador] [DiscoveryClient-InstanceInfoReplicator-0] com.netflix.discovery.DiscoveryClient    : DiscoveryClient_COMPILADOR/LAPTOP-QD8DGEIF:compilador:8081: registering service...
2025-05-22T08:04:51.382-06:00  INFO 28408 --- [compilador] [main] o.s.b.w.embedded.tomcat.TomcatWebServer  : Tomcat started on port 8081 (http) with context path ''
2025-05-22T08:04:51.385-06:00  INFO 28408 --- [compilador] [main] .s.c.n.e.s.EurekaAutoServiceRegistration : Updating port to 8081
2025-05-22T08:04:51.419-06:00  INFO 28408 --- [compilador] [main] appCompilador.AppCompiladorApplication   : Started AppCompiladorApplication in 10.964 seconds (process running for 12.545)
2025-05-22T08:04:51.688-06:00  INFO 28408 --- [compilador] [DiscoveryClient-InstanceInfoReplicator-0] com.netflix.discovery.DiscoveryClient    : DiscoveryClient_COMPILADOR/LAPTOP-QD8DGEIF:compilador:8081 - registration status: 204
2025-05-22T08:05:21.311-06:00  INFO 28408 --- [compilador] [DiscoveryClient-CacheRefreshExecutor-0] com.netflix.discovery.DiscoveryClient    : Disable delta property : false
2025-05-22T08:05:21.312-06:00  INFO 28408 --- [compilador] [DiscoveryClient-CacheRefreshExecutor-0] com.netflix.discovery.DiscoveryClient    : Single vip registry refresh property : null
2025-05-22T08:05:21.312-06:00  INFO 28408 --- [compilador] [DiscoveryClient-CacheRefreshExecutor-0] com.netflix.discovery.DiscoveryClient    : Force full registry fetch : false
2025-05-22T08:05:21.312-06:00  INFO 28408 --- [compilador] [DiscoveryClient-CacheRefreshExecutor-0] com.netflix.discovery.DiscoveryClient    : Application is null : false
2025-05-22T08:05:21.312-06:00  INFO 28408 --- [compilador] [DiscoveryClient-CacheRefreshExecutor-0] com.netflix.discovery.DiscoveryClient    : Registered Applications size is zero : true
2025-05-22T08:05:21.312-06:00  INFO 28408 --- [compilador] [DiscoveryClient-CacheRefreshExecutor-0] com.netflix.discovery.DiscoveryClient    : Application version is -1: false
2025-05-22T08:05:21.312-06:00  INFO 28408 --- [compilador] [DiscoveryClient-CacheRefreshExecutor-0] com.netflix.discovery.DiscoveryClient    : Getting all instance registry info from the eureka server
2025-05-22T08:05:21.359-06:00  INFO 28408 --- [compilador] [DiscoveryClient-CacheRefreshExecutor-0] com.netflix.discovery.DiscoveryClient    : The response status is 200
2025-05-22T08:09:20.733-06:00  INFO 28408 --- [compilador] [http-nio-8081-exec-48] o.a.c.c.C.[Tomcat].[localhost].[/]       : Initializing Spring DispatcherServlet 'dispatcherServlet'
2025-05-22T08:09:20.735-06:00  INFO 28408 --- [compilador] [http-nio-8081-exec-48] o.s.web.servlet.DispatcherServlet        : Initializing Servlet 'dispatcherServlet'
2025-05-22T08:09:20.740-06:00  INFO 28408 --- [compilador] [http-nio-8081-exec-48] o.s.web.servlet.DispatcherServlet        : Completed initialization in 3 ms
2025-05-22T08:09:50.034-06:00  INFO 28408 --- [compilador] [AsyncResolver-bootstrap-executor-0] c.n.d.s.r.aws.ConfigClusterResolver      : Resolving eureka endpoints via configuration
2025-05-22T08:14:50.046-06:00  INFO 28408 --- [compilador] [AsyncResolver-bootstrap-executor-0] c.n.d.s.r.aws.ConfigClusterResolver      : Resolving eureka endpoints via configuration
2025-05-22T08:19:50.055-06:00  INFO 28408 --- [compilador] [AsyncResolver-bootstrap-executor-0] c.n.d.s.r.aws.ConfigClusterResolver      : Resolving eureka endpoints via configuration
2025-05-22T08:24:50.061-06:00  INFO 28408 --- [compilador] [AsyncResolver-bootstrap-executor-0] c.n.d.s.r.aws.ConfigClusterResolver      : Resolving eureka endpoints via configuration
2025-05-22T08:29:50.075-06:00  INFO 28408 --- [compilador] [AsyncResolver-bootstrap-executor-0] c.n.d.s.r.aws.ConfigClusterResolver      : Resolving eureka endpoints via configuration
