2025-05-22T08:04:48.908-06:00  INFO 30312 --- [compilador] [main] appCompilador.AppCompiladorApplication   : Starting AppCompiladorApplication using Java 22.0.2 with PID 30312 (C:\Users\HOLA\Desktop\Asig\Compiladores\2doParcial\CompiladorConEureka\CompiladorAPP\AppCompilador\target\classes started by HOLA in C:\Users\HOLA\Desktop\Asig\Compiladores\2doParcial\CompiladorConEureka\CompiladorAPP\AppCompilador)
2025-05-22T08:04:48.915-06:00  INFO 30312 --- [compilador] [main] appCompilador.AppCompiladorApplication   : No active profile set, falling back to 1 default profile: "default"
2025-05-22T08:04:51.260-06:00  INFO 30312 --- [compilador] [main] o.s.cloud.context.scope.GenericScope     : BeanFactory id=3099c522-77fa-3343-bdbb-9ca7c59e9da6
2025-05-22T08:04:51.558-06:00  WARN 30312 --- [compilador] [main] trationDelegate$BeanPostProcessorChecker : Bean 'org.springframework.cloud.client.loadbalancer.LoadBalancerAutoConfiguration$DeferringLoadBalancerInterceptorConfig' of type [org.springframework.cloud.client.loadbalancer.LoadBalancerAutoConfiguration$DeferringLoadBalancerInterceptorConfig] is not eligible for getting processed by all BeanPostProcessors (for example: not eligible for auto-proxying). The currently created BeanPostProcessor [lbRestClientPostProcessor] is declared through a non-static factory method on that class; consider declaring it as static instead.
2025-05-22T08:04:51.564-06:00  WARN 30312 --- [compilador] [main] trationDelegate$BeanPostProcessorChecker : Bean 'deferringLoadBalancerInterceptor' of type [org.springframework.cloud.client.loadbalancer.DeferringLoadBalancerInterceptor] is not eligible for getting processed by all BeanPostProcessors (for example: not eligible for auto-proxying). Is this bean getting eagerly injected into a currently created BeanPostProcessor [lbRestClientPostProcessor]? Check the corresponding BeanPostProcessor declaration and its dependencies.
2025-05-22T08:04:52.095-06:00  INFO 30312 --- [compilador] [main] o.s.b.w.embedded.tomcat.TomcatWebServer  : Tomcat initialized with port 8086 (http)
2025-05-22T08:04:52.123-06:00  INFO 30312 --- [compilador] [main] o.apache.catalina.core.StandardService   : Starting service [Tomcat]
2025-05-22T08:04:52.125-06:00  INFO 30312 --- [compilador] [main] o.apache.catalina.core.StandardEngine    : Starting Servlet engine: [Apache Tomcat/10.1.19]
2025-05-22T08:04:52.291-06:00  INFO 30312 --- [compilador] [main] o.a.c.c.C.[Tomcat].[localhost].[/]       : Initializing Spring embedded WebApplicationContext
2025-05-22T08:04:52.294-06:00  INFO 30312 --- [compilador] [main] w.s.c.ServletWebServerApplicationContext : Root WebApplicationContext: initialization completed in 3239 ms
2025-05-22T08:04:52.823-06:00  INFO 30312 --- [compilador] [main] o.s.c.openfeign.FeignClientFactoryBean   : For 'app-parser' URL not provided. Will try picking an instance via load-balancing.
2025-05-22T08:04:52.930-06:00  INFO 30312 --- [compilador] [main] o.s.c.openfeign.FeignClientFactoryBean   : For 'app-lexer' URL not provided. Will try picking an instance via load-balancing.
2025-05-22T08:04:52.970-06:00  INFO 30312 --- [compilador] [main] o.s.c.openfeign.FeignClientFactoryBean   : For 'app-semantica' URL not provided. Will try picking an instance via load-balancing.
2025-05-22T08:04:53.891-06:00  INFO 30312 --- [compilador] [main] DiscoveryClientOptionalArgsConfiguration : Eureka HTTP Client uses RestTemplate.
2025-05-22T08:04:53.961-06:00  WARN 30312 --- [compilador] [main] iguration$LoadBalancerCaffeineWarnLogger : Spring Cloud LoadBalancer is currently working with the default cache. While this cache implementation is useful for development and tests, it's recommended to use Caffeine cache in production.You can switch to using Caffeine cache, by adding it and org.springframework.cache.caffeine.CaffeineCacheManager to the classpath.
2025-05-22T08:04:54.017-06:00  INFO 30312 --- [compilador] [main] o.s.c.n.eureka.InstanceInfoFactory       : Setting initial instance status as: STARTING
2025-05-22T08:04:54.234-06:00  INFO 30312 --- [compilador] [main] com.netflix.discovery.DiscoveryClient    : Initializing Eureka in region us-east-1
2025-05-22T08:04:54.234-06:00  INFO 30312 --- [compilador] [main] c.n.d.s.r.aws.ConfigClusterResolver      : Resolving eureka endpoints via configuration
2025-05-22T08:04:54.282-06:00  INFO 30312 --- [compilador] [main] com.netflix.discovery.DiscoveryClient    : Disable delta property : false
2025-05-22T08:04:54.282-06:00  INFO 30312 --- [compilador] [main] com.netflix.discovery.DiscoveryClient    : Single vip registry refresh property : null
2025-05-22T08:04:54.282-06:00  INFO 30312 --- [compilador] [main] com.netflix.discovery.DiscoveryClient    : Force full registry fetch : false
2025-05-22T08:04:54.282-06:00  INFO 30312 --- [compilador] [main] com.netflix.discovery.DiscoveryClient    : Application is null : false
2025-05-22T08:04:54.282-06:00  INFO 30312 --- [compilador] [main] com.netflix.discovery.DiscoveryClient    : Registered Applications size is zero : true
2025-05-22T08:04:54.282-06:00  INFO 30312 --- [compilador] [main] com.netflix.discovery.DiscoveryClient    : Application version is -1: true
2025-05-22T08:04:54.282-06:00  INFO 30312 --- [compilador] [main] com.netflix.discovery.DiscoveryClient    : Getting all instance registry info from the eureka server
2025-05-22T08:04:54.954-06:00  INFO 30312 --- [compilador] [main] com.netflix.discovery.DiscoveryClient    : The response status is 200
2025-05-22T08:04:54.954-06:00  INFO 30312 --- [compilador] [main] com.netflix.discovery.DiscoveryClient    : Starting heartbeat executor: renew interval is: 30
2025-05-22T08:04:54.970-06:00  INFO 30312 --- [compilador] [main] c.n.discovery.InstanceInfoReplicator     : InstanceInfoReplicator onDemand update allowed rate per min is 4
2025-05-22T08:04:54.970-06:00  INFO 30312 --- [compilador] [main] com.netflix.discovery.DiscoveryClient    : Discovery Client initialized at timestamp 1747922694970 with initial instances count: 0
2025-05-22T08:04:54.985-06:00  INFO 30312 --- [compilador] [main] o.s.c.n.e.s.EurekaServiceRegistry        : Registering application COMPILADOR with eureka with status UP
2025-05-22T08:04:54.985-06:00  INFO 30312 --- [compilador] [main] com.netflix.discovery.DiscoveryClient    : Saw local status change event StatusChangeEvent [timestamp=1747922694985, current=UP, previous=STARTING]
2025-05-22T08:04:54.985-06:00  INFO 30312 --- [compilador] [DiscoveryClient-InstanceInfoReplicator-0] com.netflix.discovery.DiscoveryClient    : DiscoveryClient_COMPILADOR/LAPTOP-QD8DGEIF:compilador:8086: registering service...
2025-05-22T08:04:55.025-06:00  INFO 30312 --- [compilador] [main] o.s.b.w.embedded.tomcat.TomcatWebServer  : Tomcat started on port 8086 (http) with context path ''
2025-05-22T08:04:55.025-06:00  INFO 30312 --- [compilador] [main] .s.c.n.e.s.EurekaAutoServiceRegistration : Updating port to 8086
2025-05-22T08:04:55.053-06:00  INFO 30312 --- [compilador] [main] appCompilador.AppCompiladorApplication   : Started AppCompiladorApplication in 7.683 seconds (process running for 8.914)
2025-05-22T08:04:55.077-06:00  INFO 30312 --- [compilador] [DiscoveryClient-InstanceInfoReplicator-0] com.netflix.discovery.DiscoveryClient    : DiscoveryClient_COMPILADOR/LAPTOP-QD8DGEIF:compilador:8086 - registration status: 204
2025-05-22T08:05:24.975-06:00  INFO 30312 --- [compilador] [DiscoveryClient-CacheRefreshExecutor-0] com.netflix.discovery.DiscoveryClient    : Disable delta property : false
2025-05-22T08:05:24.975-06:00  INFO 30312 --- [compilador] [DiscoveryClient-CacheRefreshExecutor-0] com.netflix.discovery.DiscoveryClient    : Single vip registry refresh property : null
2025-05-22T08:05:24.976-06:00  INFO 30312 --- [compilador] [DiscoveryClient-CacheRefreshExecutor-0] com.netflix.discovery.DiscoveryClient    : Force full registry fetch : false
2025-05-22T08:05:24.976-06:00  INFO 30312 --- [compilador] [DiscoveryClient-CacheRefreshExecutor-0] com.netflix.discovery.DiscoveryClient    : Application is null : false
2025-05-22T08:05:24.976-06:00  INFO 30312 --- [compilador] [DiscoveryClient-CacheRefreshExecutor-0] com.netflix.discovery.DiscoveryClient    : Registered Applications size is zero : true
2025-05-22T08:05:24.977-06:00  INFO 30312 --- [compilador] [DiscoveryClient-CacheRefreshExecutor-0] com.netflix.discovery.DiscoveryClient    : Application version is -1: false
2025-05-22T08:05:24.977-06:00  INFO 30312 --- [compilador] [DiscoveryClient-CacheRefreshExecutor-0] com.netflix.discovery.DiscoveryClient    : Getting all instance registry info from the eureka server
2025-05-22T08:05:25.025-06:00  INFO 30312 --- [compilador] [DiscoveryClient-CacheRefreshExecutor-0] com.netflix.discovery.DiscoveryClient    : The response status is 200
2025-05-22T08:09:20.180-06:00  INFO 30312 --- [compilador] [http-nio-8086-exec-23] o.a.c.c.C.[Tomcat].[localhost].[/]       : Initializing Spring DispatcherServlet 'dispatcherServlet'
2025-05-22T08:09:20.198-06:00  INFO 30312 --- [compilador] [http-nio-8086-exec-23] o.s.web.servlet.DispatcherServlet        : Initializing Servlet 'dispatcherServlet'
2025-05-22T08:09:20.367-06:00  INFO 30312 --- [compilador] [http-nio-8086-exec-23] o.s.web.servlet.DispatcherServlet        : Completed initialization in 6 ms
2025-05-22T08:09:54.301-06:00  INFO 30312 --- [compilador] [AsyncResolver-bootstrap-executor-0] c.n.d.s.r.aws.ConfigClusterResolver      : Resolving eureka endpoints via configuration
2025-05-22T08:14:54.312-06:00  INFO 30312 --- [compilador] [AsyncResolver-bootstrap-executor-0] c.n.d.s.r.aws.ConfigClusterResolver      : Resolving eureka endpoints via configuration
2025-05-22T08:19:54.327-06:00  INFO 30312 --- [compilador] [AsyncResolver-bootstrap-executor-0] c.n.d.s.r.aws.ConfigClusterResolver      : Resolving eureka endpoints via configuration
2025-05-22T08:24:54.344-06:00  INFO 30312 --- [compilador] [AsyncResolver-bootstrap-executor-0] c.n.d.s.r.aws.ConfigClusterResolver      : Resolving eureka endpoints via configuration
2025-05-22T08:29:54.358-06:00  INFO 30312 --- [compilador] [AsyncResolver-bootstrap-executor-0] c.n.d.s.r.aws.ConfigClusterResolver      : Resolving eureka endpoints via configuration
