2025-05-22T08:04:50.575-06:00  INFO 14532 --- [compilador] [main] appCompilador.AppCompiladorApplication   : Starting AppCompiladorApplication using Java 22.0.2 with PID 14532 (C:\Users\HOLA\Desktop\Asig\Compiladores\2doParcial\CompiladorConEureka\CompiladorAPP\AppCompilador\target\classes started by HOLA in C:\Users\HOLA\Desktop\Asig\Compiladores\2doParcial\CompiladorConEureka\CompiladorAPP\AppCompilador)
2025-05-22T08:04:50.588-06:00  INFO 14532 --- [compilador] [main] appCompilador.AppCompiladorApplication   : No active profile set, falling back to 1 default profile: "default"
2025-05-22T08:04:52.767-06:00  INFO 14532 --- [compilador] [main] o.s.cloud.context.scope.GenericScope     : BeanFactory id=3099c522-77fa-3343-bdbb-9ca7c59e9da6
2025-05-22T08:04:52.989-06:00  WARN 14532 --- [compilador] [main] trationDelegate$BeanPostProcessorChecker : Bean 'org.springframework.cloud.client.loadbalancer.LoadBalancerAutoConfiguration$DeferringLoadBalancerInterceptorConfig' of type [org.springframework.cloud.client.loadbalancer.LoadBalancerAutoConfiguration$DeferringLoadBalancerInterceptorConfig] is not eligible for getting processed by all BeanPostProcessors (for example: not eligible for auto-proxying). The currently created BeanPostProcessor [lbRestClientPostProcessor] is declared through a non-static factory method on that class; consider declaring it as static instead.
2025-05-22T08:04:52.995-06:00  WARN 14532 --- [compilador] [main] trationDelegate$BeanPostProcessorChecker : Bean 'deferringLoadBalancerInterceptor' of type [org.springframework.cloud.client.loadbalancer.DeferringLoadBalancerInterceptor] is not eligible for getting processed by all BeanPostProcessors (for example: not eligible for auto-proxying). Is this bean getting eagerly injected into a currently created BeanPostProcessor [lbRestClientPostProcessor]? Check the corresponding BeanPostProcessor declaration and its dependencies.
2025-05-22T08:04:53.447-06:00  INFO 14532 --- [compilador] [main] o.s.b.w.embedded.tomcat.TomcatWebServer  : Tomcat initialized with port 8087 (http)
2025-05-22T08:04:53.460-06:00  INFO 14532 --- [compilador] [main] o.apache.catalina.core.StandardService   : Starting service [Tomcat]
2025-05-22T08:04:53.473-06:00  INFO 14532 --- [compilador] [main] o.apache.catalina.core.StandardEngine    : Starting Servlet engine: [Apache Tomcat/10.1.19]
2025-05-22T08:04:53.612-06:00  INFO 14532 --- [compilador] [main] o.a.c.c.C.[Tomcat].[localhost].[/]       : Initializing Spring embedded WebApplicationContext
2025-05-22T08:04:53.612-06:00  INFO 14532 --- [compilador] [main] w.s.c.ServletWebServerApplicationContext : Root WebApplicationContext: initialization completed in 2903 ms
2025-05-22T08:04:54.097-06:00  INFO 14532 --- [compilador] [main] o.s.c.openfeign.FeignClientFactoryBean   : For 'app-parser' URL not provided. Will try picking an instance via load-balancing.
2025-05-22T08:04:54.214-06:00  INFO 14532 --- [compilador] [main] o.s.c.openfeign.FeignClientFactoryBean   : For 'app-lexer' URL not provided. Will try picking an instance via load-balancing.
2025-05-22T08:04:54.253-06:00  INFO 14532 --- [compilador] [main] o.s.c.openfeign.FeignClientFactoryBean   : For 'app-semantica' URL not provided. Will try picking an instance via load-balancing.
2025-05-22T08:04:55.136-06:00  INFO 14532 --- [compilador] [main] DiscoveryClientOptionalArgsConfiguration : Eureka HTTP Client uses RestTemplate.
2025-05-22T08:04:55.177-06:00  WARN 14532 --- [compilador] [main] iguration$LoadBalancerCaffeineWarnLogger : Spring Cloud LoadBalancer is currently working with the default cache. While this cache implementation is useful for development and tests, it's recommended to use Caffeine cache in production.You can switch to using Caffeine cache, by adding it and org.springframework.cache.caffeine.CaffeineCacheManager to the classpath.
2025-05-22T08:04:55.229-06:00  INFO 14532 --- [compilador] [main] o.s.c.n.eureka.InstanceInfoFactory       : Setting initial instance status as: STARTING
2025-05-22T08:04:55.414-06:00  INFO 14532 --- [compilador] [main] com.netflix.discovery.DiscoveryClient    : Initializing Eureka in region us-east-1
2025-05-22T08:04:55.424-06:00  INFO 14532 --- [compilador] [main] c.n.d.s.r.aws.ConfigClusterResolver      : Resolving eureka endpoints via configuration
2025-05-22T08:04:55.464-06:00  INFO 14532 --- [compilador] [main] com.netflix.discovery.DiscoveryClient    : Disable delta property : false
2025-05-22T08:04:55.465-06:00  INFO 14532 --- [compilador] [main] com.netflix.discovery.DiscoveryClient    : Single vip registry refresh property : null
2025-05-22T08:04:55.465-06:00  INFO 14532 --- [compilador] [main] com.netflix.discovery.DiscoveryClient    : Force full registry fetch : false
2025-05-22T08:04:55.466-06:00  INFO 14532 --- [compilador] [main] com.netflix.discovery.DiscoveryClient    : Application is null : false
2025-05-22T08:04:55.466-06:00  INFO 14532 --- [compilador] [main] com.netflix.discovery.DiscoveryClient    : Registered Applications size is zero : true
2025-05-22T08:04:55.466-06:00  INFO 14532 --- [compilador] [main] com.netflix.discovery.DiscoveryClient    : Application version is -1: true
2025-05-22T08:04:55.467-06:00  INFO 14532 --- [compilador] [main] com.netflix.discovery.DiscoveryClient    : Getting all instance registry info from the eureka server
2025-05-22T08:04:56.094-06:00  INFO 14532 --- [compilador] [main] com.netflix.discovery.DiscoveryClient    : The response status is 200
2025-05-22T08:04:56.098-06:00  INFO 14532 --- [compilador] [main] com.netflix.discovery.DiscoveryClient    : Starting heartbeat executor: renew interval is: 30
2025-05-22T08:04:56.103-06:00  INFO 14532 --- [compilador] [main] c.n.discovery.InstanceInfoReplicator     : InstanceInfoReplicator onDemand update allowed rate per min is 4
2025-05-22T08:04:56.113-06:00  INFO 14532 --- [compilador] [main] com.netflix.discovery.DiscoveryClient    : Discovery Client initialized at timestamp 1747922696111 with initial instances count: 0
2025-05-22T08:04:56.116-06:00  INFO 14532 --- [compilador] [main] o.s.c.n.e.s.EurekaServiceRegistry        : Registering application COMPILADOR with eureka with status UP
2025-05-22T08:04:56.119-06:00  INFO 14532 --- [compilador] [main] com.netflix.discovery.DiscoveryClient    : Saw local status change event StatusChangeEvent [timestamp=1747922696118, current=UP, previous=STARTING]
2025-05-22T08:04:56.122-06:00  INFO 14532 --- [compilador] [DiscoveryClient-InstanceInfoReplicator-0] com.netflix.discovery.DiscoveryClient    : DiscoveryClient_COMPILADOR/LAPTOP-QD8DGEIF:compilador:8087: registering service...
2025-05-22T08:04:56.160-06:00  INFO 14532 --- [compilador] [main] o.s.b.w.embedded.tomcat.TomcatWebServer  : Tomcat started on port 8087 (http) with context path ''
2025-05-22T08:04:56.162-06:00  INFO 14532 --- [compilador] [main] .s.c.n.e.s.EurekaAutoServiceRegistration : Updating port to 8087
2025-05-22T08:04:56.184-06:00  INFO 14532 --- [compilador] [main] appCompilador.AppCompiladorApplication   : Started AppCompiladorApplication in 6.928 seconds (process running for 8.221)
2025-05-22T08:04:56.202-06:00  INFO 14532 --- [compilador] [DiscoveryClient-InstanceInfoReplicator-0] com.netflix.discovery.DiscoveryClient    : DiscoveryClient_COMPILADOR/LAPTOP-QD8DGEIF:compilador:8087 - registration status: 204
2025-05-22T08:05:26.104-06:00  INFO 14532 --- [compilador] [DiscoveryClient-CacheRefreshExecutor-0] com.netflix.discovery.DiscoveryClient    : Disable delta property : false
2025-05-22T08:05:26.105-06:00  INFO 14532 --- [compilador] [DiscoveryClient-CacheRefreshExecutor-0] com.netflix.discovery.DiscoveryClient    : Single vip registry refresh property : null
2025-05-22T08:05:26.105-06:00  INFO 14532 --- [compilador] [DiscoveryClient-CacheRefreshExecutor-0] com.netflix.discovery.DiscoveryClient    : Force full registry fetch : false
2025-05-22T08:05:26.105-06:00  INFO 14532 --- [compilador] [DiscoveryClient-CacheRefreshExecutor-0] com.netflix.discovery.DiscoveryClient    : Application is null : false
2025-05-22T08:05:26.105-06:00  INFO 14532 --- [compilador] [DiscoveryClient-CacheRefreshExecutor-0] com.netflix.discovery.DiscoveryClient    : Registered Applications size is zero : true
2025-05-22T08:05:26.106-06:00  INFO 14532 --- [compilador] [DiscoveryClient-CacheRefreshExecutor-0] com.netflix.discovery.DiscoveryClient    : Application version is -1: false
2025-05-22T08:05:26.106-06:00  INFO 14532 --- [compilador] [DiscoveryClient-CacheRefreshExecutor-0] com.netflix.discovery.DiscoveryClient    : Getting all instance registry info from the eureka server
2025-05-22T08:05:26.150-06:00  INFO 14532 --- [compilador] [DiscoveryClient-CacheRefreshExecutor-0] com.netflix.discovery.DiscoveryClient    : The response status is 200
2025-05-22T08:09:20.367-06:00  INFO 14532 --- [compilador] [http-nio-8087-exec-38] o.a.c.c.C.[Tomcat].[localhost].[/]       : Initializing Spring DispatcherServlet 'dispatcherServlet'
2025-05-22T08:09:20.376-06:00  INFO 14532 --- [compilador] [http-nio-8087-exec-38] o.s.web.servlet.DispatcherServlet        : Initializing Servlet 'dispatcherServlet'
2025-05-22T08:09:20.382-06:00  INFO 14532 --- [compilador] [http-nio-8087-exec-38] o.s.web.servlet.DispatcherServlet        : Completed initialization in 4 ms
2025-05-22T08:09:55.478-06:00  INFO 14532 --- [compilador] [AsyncResolver-bootstrap-executor-0] c.n.d.s.r.aws.ConfigClusterResolver      : Resolving eureka endpoints via configuration
2025-05-22T08:14:55.489-06:00  INFO 14532 --- [compilador] [AsyncResolver-bootstrap-executor-0] c.n.d.s.r.aws.ConfigClusterResolver      : Resolving eureka endpoints via configuration
2025-05-22T08:19:55.496-06:00  INFO 14532 --- [compilador] [AsyncResolver-bootstrap-executor-0] c.n.d.s.r.aws.ConfigClusterResolver      : Resolving eureka endpoints via configuration
2025-05-22T08:24:55.498-06:00  INFO 14532 --- [compilador] [AsyncResolver-bootstrap-executor-0] c.n.d.s.r.aws.ConfigClusterResolver      : Resolving eureka endpoints via configuration
2025-05-22T08:29:55.513-06:00  INFO 14532 --- [compilador] [AsyncResolver-bootstrap-executor-0] c.n.d.s.r.aws.ConfigClusterResolver      : Resolving eureka endpoints via configuration
