2025-05-22T07:57:21.800-06:00  INFO 14560 --- [app-lexer] [main] appLexer.AppLexerAplication              : Starting AppLexerAplication using Java 22.0.2 with PID 14560 (C:\Users\HOLA\Desktop\Asig\Compiladores\2doParcial\CompiladorConEureka\CompiladorAPP\AppLexer\target\classes started by HOLA in C:\Users\HOLA\Desktop\Asig\Compiladores\2doParcial\CompiladorConEureka\CompiladorAPP\AppLexer)
2025-05-22T07:57:21.807-06:00  INFO 14560 --- [app-lexer] [main] appLexer.AppLexerAplication              : No active profile set, falling back to 1 default profile: "default"
2025-05-22T07:57:23.816-06:00  INFO 14560 --- [app-lexer] [main] o.s.cloud.context.scope.GenericScope     : BeanFactory id=1e9b5add-1b1f-33d6-a76b-047dfd003e87
2025-05-22T07:57:23.923-06:00  WARN 14560 --- [app-lexer] [main] trationDelegate$BeanPostProcessorChecker : Bean 'org.springframework.cloud.client.loadbalancer.LoadBalancerAutoConfiguration$DeferringLoadBalancerInterceptorConfig' of type [org.springframework.cloud.client.loadbalancer.LoadBalancerAutoConfiguration$DeferringLoadBalancerInterceptorConfig] is not eligible for getting processed by all BeanPostProcessors (for example: not eligible for auto-proxying). The currently created BeanPostProcessor [lbRestClientPostProcessor] is declared through a non-static factory method on that class; consider declaring it as static instead.
2025-05-22T07:57:23.928-06:00  WARN 14560 --- [app-lexer] [main] trationDelegate$BeanPostProcessorChecker : Bean 'deferringLoadBalancerInterceptor' of type [org.springframework.cloud.client.loadbalancer.DeferringLoadBalancerInterceptor] is not eligible for getting processed by all BeanPostProcessors (for example: not eligible for auto-proxying). Is this bean getting eagerly injected into a currently created BeanPostProcessor [lbRestClientPostProcessor]? Check the corresponding BeanPostProcessor declaration and its dependencies.
2025-05-22T07:57:24.413-06:00  INFO 14560 --- [app-lexer] [main] o.s.b.w.embedded.tomcat.TomcatWebServer  : Tomcat initialized with port 8084 (http)
2025-05-22T07:57:24.443-06:00  INFO 14560 --- [app-lexer] [main] o.apache.catalina.core.StandardService   : Starting service [Tomcat]
2025-05-22T07:57:24.444-06:00  INFO 14560 --- [app-lexer] [main] o.apache.catalina.core.StandardEngine    : Starting Servlet engine: [Apache Tomcat/10.1.19]
2025-05-22T07:57:24.576-06:00  INFO 14560 --- [app-lexer] [main] o.a.c.c.C.[Tomcat].[localhost].[/]       : Initializing Spring embedded WebApplicationContext
2025-05-22T07:57:24.576-06:00  INFO 14560 --- [app-lexer] [main] w.s.c.ServletWebServerApplicationContext : Root WebApplicationContext: initialization completed in 2663 ms
2025-05-22T07:57:26.186-06:00  INFO 14560 --- [app-lexer] [main] DiscoveryClientOptionalArgsConfiguration : Eureka HTTP Client uses RestTemplate.
2025-05-22T07:57:26.270-06:00  WARN 14560 --- [app-lexer] [main] iguration$LoadBalancerCaffeineWarnLogger : Spring Cloud LoadBalancer is currently working with the default cache. While this cache implementation is useful for development and tests, it's recommended to use Caffeine cache in production.You can switch to using Caffeine cache, by adding it and org.springframework.cache.caffeine.CaffeineCacheManager to the classpath.
2025-05-22T07:57:26.294-06:00  INFO 14560 --- [app-lexer] [main] o.s.b.a.e.web.EndpointLinksResolver      : Exposing 1 endpoint(s) beneath base path '/actuator'
2025-05-22T07:57:26.399-06:00  INFO 14560 --- [app-lexer] [main] o.s.c.n.eureka.InstanceInfoFactory       : Setting initial instance status as: STARTING
2025-05-22T07:57:26.585-06:00  INFO 14560 --- [app-lexer] [main] com.netflix.discovery.DiscoveryClient    : Initializing Eureka in region us-east-1
2025-05-22T07:57:26.597-06:00  INFO 14560 --- [app-lexer] [main] c.n.d.s.r.aws.ConfigClusterResolver      : Resolving eureka endpoints via configuration
2025-05-22T07:57:26.639-06:00  INFO 14560 --- [app-lexer] [main] com.netflix.discovery.DiscoveryClient    : Disable delta property : false
2025-05-22T07:57:26.640-06:00  INFO 14560 --- [app-lexer] [main] com.netflix.discovery.DiscoveryClient    : Single vip registry refresh property : null
2025-05-22T07:57:26.640-06:00  INFO 14560 --- [app-lexer] [main] com.netflix.discovery.DiscoveryClient    : Force full registry fetch : false
2025-05-22T07:57:26.642-06:00  INFO 14560 --- [app-lexer] [main] com.netflix.discovery.DiscoveryClient    : Application is null : false
2025-05-22T07:57:26.642-06:00  INFO 14560 --- [app-lexer] [main] com.netflix.discovery.DiscoveryClient    : Registered Applications size is zero : true
2025-05-22T07:57:26.643-06:00  INFO 14560 --- [app-lexer] [main] com.netflix.discovery.DiscoveryClient    : Application version is -1: true
2025-05-22T07:57:26.643-06:00  INFO 14560 --- [app-lexer] [main] com.netflix.discovery.DiscoveryClient    : Getting all instance registry info from the eureka server
2025-05-22T07:57:27.330-06:00  INFO 14560 --- [app-lexer] [main] com.netflix.discovery.DiscoveryClient    : The response status is 200
2025-05-22T07:57:27.335-06:00  INFO 14560 --- [app-lexer] [main] com.netflix.discovery.DiscoveryClient    : Starting heartbeat executor: renew interval is: 30
2025-05-22T07:57:27.340-06:00  INFO 14560 --- [app-lexer] [main] c.n.discovery.InstanceInfoReplicator     : InstanceInfoReplicator onDemand update allowed rate per min is 4
2025-05-22T07:57:27.350-06:00  INFO 14560 --- [app-lexer] [main] com.netflix.discovery.DiscoveryClient    : Discovery Client initialized at timestamp 1747922247348 with initial instances count: 1
2025-05-22T07:57:27.353-06:00  INFO 14560 --- [app-lexer] [main] o.s.c.n.e.s.EurekaServiceRegistry        : Registering application APP-LEXER with eureka with status UP
2025-05-22T07:57:27.354-06:00  INFO 14560 --- [app-lexer] [main] com.netflix.discovery.DiscoveryClient    : Saw local status change event StatusChangeEvent [timestamp=1747922247354, current=UP, previous=STARTING]
2025-05-22T07:57:27.358-06:00  INFO 14560 --- [app-lexer] [DiscoveryClient-InstanceInfoReplicator-0] com.netflix.discovery.DiscoveryClient    : DiscoveryClient_APP-LEXER/LAPTOP-QD8DGEIF:app-lexer:8084: registering service...
2025-05-22T07:57:27.399-06:00  INFO 14560 --- [app-lexer] [main] o.s.b.w.embedded.tomcat.TomcatWebServer  : Tomcat started on port 8084 (http) with context path ''
2025-05-22T07:57:27.401-06:00  INFO 14560 --- [app-lexer] [main] .s.c.n.e.s.EurekaAutoServiceRegistration : Updating port to 8084
2025-05-22T07:57:27.432-06:00  INFO 14560 --- [app-lexer] [main] appLexer.AppLexerAplication              : Started AppLexerAplication in 6.661 seconds (process running for 7.566)
2025-05-22T07:57:27.438-06:00  INFO 14560 --- [app-lexer] [DiscoveryClient-InstanceInfoReplicator-0] com.netflix.discovery.DiscoveryClient    : DiscoveryClient_APP-LEXER/LAPTOP-QD8DGEIF:app-lexer:8084 - registration status: 204
2025-05-22T08:02:26.031-06:00  INFO 14560 --- [app-lexer] [http-nio-8084-exec-1] o.a.c.c.C.[Tomcat].[localhost].[/]       : Initializing Spring DispatcherServlet 'dispatcherServlet'
2025-05-22T08:02:26.083-06:00  INFO 14560 --- [app-lexer] [http-nio-8084-exec-1] o.s.web.servlet.DispatcherServlet        : Initializing Servlet 'dispatcherServlet'
2025-05-22T08:02:26.179-06:00  INFO 14560 --- [app-lexer] [http-nio-8084-exec-1] o.s.web.servlet.DispatcherServlet        : Completed initialization in 9 ms
2025-05-22T08:02:27.004-06:00  INFO 14560 --- [app-lexer] [AsyncResolver-bootstrap-executor-0] c.n.d.s.r.aws.ConfigClusterResolver      : Resolving eureka endpoints via configuration
2025-05-22T08:05:51.734-06:00  INFO 30744 --- [app-lexer] [main] appLexer.AppLexerAplication              : Starting AppLexerAplication using Java 22.0.2 with PID 30744 (C:\Users\HOLA\Desktop\Asig\Compiladores\2doParcial\CompiladorConEureka\CompiladorAPP\AppLexer\target\classes started by HOLA in C:\Users\HOLA\Desktop\Asig\Compiladores\2doParcial\CompiladorConEureka\CompiladorAPP\AppLexer)
2025-05-22T08:05:51.739-06:00  INFO 30744 --- [app-lexer] [main] appLexer.AppLexerAplication              : No active profile set, falling back to 1 default profile: "default"
2025-05-22T08:05:54.775-06:00  INFO 30744 --- [app-lexer] [main] o.s.cloud.context.scope.GenericScope     : BeanFactory id=1e9b5add-1b1f-33d6-a76b-047dfd003e87
2025-05-22T08:05:54.949-06:00  WARN 30744 --- [app-lexer] [main] trationDelegate$BeanPostProcessorChecker : Bean 'org.springframework.cloud.client.loadbalancer.LoadBalancerAutoConfiguration$DeferringLoadBalancerInterceptorConfig' of type [org.springframework.cloud.client.loadbalancer.LoadBalancerAutoConfiguration$DeferringLoadBalancerInterceptorConfig] is not eligible for getting processed by all BeanPostProcessors (for example: not eligible for auto-proxying). The currently created BeanPostProcessor [lbRestClientPostProcessor] is declared through a non-static factory method on that class; consider declaring it as static instead.
2025-05-22T08:05:54.957-06:00  WARN 30744 --- [app-lexer] [main] trationDelegate$BeanPostProcessorChecker : Bean 'deferringLoadBalancerInterceptor' of type [org.springframework.cloud.client.loadbalancer.DeferringLoadBalancerInterceptor] is not eligible for getting processed by all BeanPostProcessors (for example: not eligible for auto-proxying). Is this bean getting eagerly injected into a currently created BeanPostProcessor [lbRestClientPostProcessor]? Check the corresponding BeanPostProcessor declaration and its dependencies.
2025-05-22T08:05:55.653-06:00  INFO 30744 --- [app-lexer] [main] o.s.b.w.embedded.tomcat.TomcatWebServer  : Tomcat initialized with port 8084 (http)
2025-05-22T08:05:55.691-06:00  INFO 30744 --- [app-lexer] [main] o.apache.catalina.core.StandardService   : Starting service [Tomcat]
2025-05-22T08:05:55.692-06:00  INFO 30744 --- [app-lexer] [main] o.apache.catalina.core.StandardEngine    : Starting Servlet engine: [Apache Tomcat/10.1.19]
2025-05-22T08:05:55.856-06:00  INFO 30744 --- [app-lexer] [main] o.a.c.c.C.[Tomcat].[localhost].[/]       : Initializing Spring embedded WebApplicationContext
2025-05-22T08:05:55.857-06:00  INFO 30744 --- [app-lexer] [main] w.s.c.ServletWebServerApplicationContext : Root WebApplicationContext: initialization completed in 3973 ms
2025-05-22T08:05:58.024-06:00  INFO 30744 --- [app-lexer] [main] DiscoveryClientOptionalArgsConfiguration : Eureka HTTP Client uses RestTemplate.
2025-05-22T08:05:58.150-06:00  WARN 30744 --- [app-lexer] [main] iguration$LoadBalancerCaffeineWarnLogger : Spring Cloud LoadBalancer is currently working with the default cache. While this cache implementation is useful for development and tests, it's recommended to use Caffeine cache in production.You can switch to using Caffeine cache, by adding it and org.springframework.cache.caffeine.CaffeineCacheManager to the classpath.
2025-05-22T08:05:58.183-06:00  INFO 30744 --- [app-lexer] [main] o.s.b.a.e.web.EndpointLinksResolver      : Exposing 1 endpoint(s) beneath base path '/actuator'
2025-05-22T08:05:58.307-06:00  INFO 30744 --- [app-lexer] [main] o.s.c.n.eureka.InstanceInfoFactory       : Setting initial instance status as: STARTING
2025-05-22T08:05:58.536-06:00  INFO 30744 --- [app-lexer] [main] com.netflix.discovery.DiscoveryClient    : Initializing Eureka in region us-east-1
2025-05-22T08:05:58.552-06:00  INFO 30744 --- [app-lexer] [main] c.n.d.s.r.aws.ConfigClusterResolver      : Resolving eureka endpoints via configuration
2025-05-22T08:05:58.601-06:00  INFO 30744 --- [app-lexer] [main] com.netflix.discovery.DiscoveryClient    : Disable delta property : false
2025-05-22T08:05:58.602-06:00  INFO 30744 --- [app-lexer] [main] com.netflix.discovery.DiscoveryClient    : Single vip registry refresh property : null
2025-05-22T08:05:58.602-06:00  INFO 30744 --- [app-lexer] [main] com.netflix.discovery.DiscoveryClient    : Force full registry fetch : false
2025-05-22T08:05:58.603-06:00  INFO 30744 --- [app-lexer] [main] com.netflix.discovery.DiscoveryClient    : Application is null : false
2025-05-22T08:05:58.605-06:00  INFO 30744 --- [app-lexer] [main] com.netflix.discovery.DiscoveryClient    : Registered Applications size is zero : true
2025-05-22T08:05:58.605-06:00  INFO 30744 --- [app-lexer] [main] com.netflix.discovery.DiscoveryClient    : Application version is -1: true
2025-05-22T08:05:58.605-06:00  INFO 30744 --- [app-lexer] [main] com.netflix.discovery.DiscoveryClient    : Getting all instance registry info from the eureka server
2025-05-22T08:05:59.489-06:00  INFO 30744 --- [app-lexer] [main] com.netflix.discovery.DiscoveryClient    : The response status is 200
2025-05-22T08:05:59.495-06:00  INFO 30744 --- [app-lexer] [main] com.netflix.discovery.DiscoveryClient    : Starting heartbeat executor: renew interval is: 30
2025-05-22T08:05:59.501-06:00  INFO 30744 --- [app-lexer] [main] c.n.discovery.InstanceInfoReplicator     : InstanceInfoReplicator onDemand update allowed rate per min is 4
2025-05-22T08:05:59.514-06:00  INFO 30744 --- [app-lexer] [main] com.netflix.discovery.DiscoveryClient    : Discovery Client initialized at timestamp 1747922759511 with initial instances count: 5
2025-05-22T08:05:59.518-06:00  INFO 30744 --- [app-lexer] [main] o.s.c.n.e.s.EurekaServiceRegistry        : Registering application APP-LEXER with eureka with status UP
2025-05-22T08:05:59.519-06:00  INFO 30744 --- [app-lexer] [main] com.netflix.discovery.DiscoveryClient    : Saw local status change event StatusChangeEvent [timestamp=1747922759519, current=UP, previous=STARTING]
2025-05-22T08:05:59.523-06:00  INFO 30744 --- [app-lexer] [DiscoveryClient-InstanceInfoReplicator-0] com.netflix.discovery.DiscoveryClient    : DiscoveryClient_APP-LEXER/LAPTOP-QD8DGEIF:app-lexer:8084: registering service...
2025-05-22T08:05:59.575-06:00  INFO 30744 --- [app-lexer] [main] o.s.b.w.embedded.tomcat.TomcatWebServer  : Tomcat started on port 8084 (http) with context path ''
2025-05-22T08:05:59.578-06:00  INFO 30744 --- [app-lexer] [main] .s.c.n.e.s.EurekaAutoServiceRegistration : Updating port to 8084
2025-05-22T08:05:59.615-06:00  INFO 30744 --- [app-lexer] [DiscoveryClient-InstanceInfoReplicator-0] com.netflix.discovery.DiscoveryClient    : DiscoveryClient_APP-LEXER/LAPTOP-QD8DGEIF:app-lexer:8084 - registration status: 204
2025-05-22T08:05:59.616-06:00  INFO 30744 --- [app-lexer] [main] appLexer.AppLexerAplication              : Started AppLexerAplication in 9.734 seconds (process running for 11.134)
2025-05-22T08:09:22.829-06:00  INFO 30744 --- [app-lexer] [http-nio-8084-exec-12] o.a.c.c.C.[Tomcat].[localhost].[/]       : Initializing Spring DispatcherServlet 'dispatcherServlet'
2025-05-22T08:09:22.850-06:00  INFO 30744 --- [app-lexer] [http-nio-8084-exec-12] o.s.web.servlet.DispatcherServlet        : Initializing Servlet 'dispatcherServlet'
2025-05-22T08:09:22.857-06:00  INFO 30744 --- [app-lexer] [http-nio-8084-exec-12] o.s.web.servlet.DispatcherServlet        : Completed initialization in 5 ms
2025-05-22T08:10:58.623-06:00  INFO 30744 --- [app-lexer] [AsyncResolver-bootstrap-executor-0] c.n.d.s.r.aws.ConfigClusterResolver      : Resolving eureka endpoints via configuration
2025-05-22T08:15:58.628-06:00  INFO 30744 --- [app-lexer] [AsyncResolver-bootstrap-executor-0] c.n.d.s.r.aws.ConfigClusterResolver      : Resolving eureka endpoints via configuration
2025-05-22T08:20:58.631-06:00  INFO 30744 --- [app-lexer] [AsyncResolver-bootstrap-executor-0] c.n.d.s.r.aws.ConfigClusterResolver      : Resolving eureka endpoints via configuration
2025-05-22T08:25:58.644-06:00  INFO 30744 --- [app-lexer] [AsyncResolver-bootstrap-executor-0] c.n.d.s.r.aws.ConfigClusterResolver      : Resolving eureka endpoints via configuration
2025-05-22T08:30:58.649-06:00  INFO 30744 --- [app-lexer] [AsyncResolver-bootstrap-executor-0] c.n.d.s.r.aws.ConfigClusterResolver      : Resolving eureka endpoints via configuration
