2025-05-22T08:06:41.507-06:00  INFO 23568 --- [app-parser] [main] appParser.AppParserAplication            : Starting AppParserAplication using Java 22.0.2 with PID 23568 (C:\Users\HOLA\Desktop\Asig\Compiladores\2doParcial\CompiladorConEureka\CompiladorAPP\AppParser\target\classes started by HOLA in C:\Users\HOLA\Desktop\Asig\Compiladores\2doParcial\CompiladorConEureka\CompiladorAPP\AppParser)
2025-05-22T08:06:41.514-06:00  INFO 23568 --- [app-parser] [main] appParser.AppParserAplication            : No active profile set, falling back to 1 default profile: "default"
2025-05-22T08:06:44.026-06:00  INFO 23568 --- [app-parser] [main] o.s.cloud.context.scope.GenericScope     : BeanFactory id=bb3ecc8d-27d9-3341-97cc-d0feb13170da
2025-05-22T08:06:44.168-06:00  WARN 23568 --- [app-parser] [main] trationDelegate$BeanPostProcessorChecker : Bean 'org.springframework.cloud.client.loadbalancer.LoadBalancerAutoConfiguration$DeferringLoadBalancerInterceptorConfig' of type [org.springframework.cloud.client.loadbalancer.LoadBalancerAutoConfiguration$DeferringLoadBalancerInterceptorConfig] is not eligible for getting processed by all BeanPostProcessors (for example: not eligible for auto-proxying). The currently created BeanPostProcessor [lbRestClientPostProcessor] is declared through a non-static factory method on that class; consider declaring it as static instead.
2025-05-22T08:06:44.190-06:00  WARN 23568 --- [app-parser] [main] trationDelegate$BeanPostProcessorChecker : Bean 'deferringLoadBalancerInterceptor' of type [org.springframework.cloud.client.loadbalancer.DeferringLoadBalancerInterceptor] is not eligible for getting processed by all BeanPostProcessors (for example: not eligible for auto-proxying). Is this bean getting eagerly injected into a currently created BeanPostProcessor [lbRestClientPostProcessor]? Check the corresponding BeanPostProcessor declaration and its dependencies.
2025-05-22T08:06:44.851-06:00  INFO 23568 --- [app-parser] [main] o.s.b.w.embedded.tomcat.TomcatWebServer  : Tomcat initialized with port 8092 (http)
2025-05-22T08:06:44.890-06:00  INFO 23568 --- [app-parser] [main] o.apache.catalina.core.StandardService   : Starting service [Tomcat]
2025-05-22T08:06:44.891-06:00  INFO 23568 --- [app-parser] [main] o.apache.catalina.core.StandardEngine    : Starting Servlet engine: [Apache Tomcat/10.1.19]
2025-05-22T08:06:45.099-06:00  INFO 23568 --- [app-parser] [main] o.a.c.c.C.[Tomcat].[localhost].[/]       : Initializing Spring embedded WebApplicationContext
2025-05-22T08:06:45.100-06:00  INFO 23568 --- [app-parser] [main] w.s.c.ServletWebServerApplicationContext : Root WebApplicationContext: initialization completed in 3418 ms
2025-05-22T08:06:46.412-06:00  INFO 23568 --- [app-parser] [main] DiscoveryClientOptionalArgsConfiguration : Eureka HTTP Client uses RestTemplate.
2025-05-22T08:06:46.500-06:00  WARN 23568 --- [app-parser] [main] iguration$LoadBalancerCaffeineWarnLogger : Spring Cloud LoadBalancer is currently working with the default cache. While this cache implementation is useful for development and tests, it's recommended to use Caffeine cache in production.You can switch to using Caffeine cache, by adding it and org.springframework.cache.caffeine.CaffeineCacheManager to the classpath.
2025-05-22T08:06:46.557-06:00  INFO 23568 --- [app-parser] [main] o.s.c.n.eureka.InstanceInfoFactory       : Setting initial instance status as: STARTING
2025-05-22T08:06:46.781-06:00  INFO 23568 --- [app-parser] [main] com.netflix.discovery.DiscoveryClient    : Initializing Eureka in region us-east-1
2025-05-22T08:06:46.799-06:00  INFO 23568 --- [app-parser] [main] c.n.d.s.r.aws.ConfigClusterResolver      : Resolving eureka endpoints via configuration
2025-05-22T08:06:46.851-06:00  INFO 23568 --- [app-parser] [main] com.netflix.discovery.DiscoveryClient    : Disable delta property : false
2025-05-22T08:06:46.853-06:00  INFO 23568 --- [app-parser] [main] com.netflix.discovery.DiscoveryClient    : Single vip registry refresh property : null
2025-05-22T08:06:46.853-06:00  INFO 23568 --- [app-parser] [main] com.netflix.discovery.DiscoveryClient    : Force full registry fetch : false
2025-05-22T08:06:46.854-06:00  INFO 23568 --- [app-parser] [main] com.netflix.discovery.DiscoveryClient    : Application is null : false
2025-05-22T08:06:46.854-06:00  INFO 23568 --- [app-parser] [main] com.netflix.discovery.DiscoveryClient    : Registered Applications size is zero : true
2025-05-22T08:06:46.855-06:00  INFO 23568 --- [app-parser] [main] com.netflix.discovery.DiscoveryClient    : Application version is -1: true
2025-05-22T08:06:46.856-06:00  INFO 23568 --- [app-parser] [main] com.netflix.discovery.DiscoveryClient    : Getting all instance registry info from the eureka server
2025-05-22T08:06:47.690-06:00  INFO 23568 --- [app-parser] [main] com.netflix.discovery.DiscoveryClient    : The response status is 200
2025-05-22T08:06:47.696-06:00  INFO 23568 --- [app-parser] [main] com.netflix.discovery.DiscoveryClient    : Starting heartbeat executor: renew interval is: 30
2025-05-22T08:06:47.702-06:00  INFO 23568 --- [app-parser] [main] c.n.discovery.InstanceInfoReplicator     : InstanceInfoReplicator onDemand update allowed rate per min is 4
2025-05-22T08:06:47.713-06:00  INFO 23568 --- [app-parser] [main] com.netflix.discovery.DiscoveryClient    : Discovery Client initialized at timestamp 1747922807712 with initial instances count: 10
2025-05-22T08:06:47.717-06:00  INFO 23568 --- [app-parser] [main] o.s.c.n.e.s.EurekaServiceRegistry        : Registering application APP-PARSER with eureka with status UP
2025-05-22T08:06:47.719-06:00  INFO 23568 --- [app-parser] [main] com.netflix.discovery.DiscoveryClient    : Saw local status change event StatusChangeEvent [timestamp=1747922807718, current=UP, previous=STARTING]
2025-05-22T08:06:47.722-06:00  INFO 23568 --- [app-parser] [DiscoveryClient-InstanceInfoReplicator-0] com.netflix.discovery.DiscoveryClient    : DiscoveryClient_APP-PARSER/LAPTOP-QD8DGEIF:app-parser:8092: registering service...
2025-05-22T08:06:47.764-06:00  INFO 23568 --- [app-parser] [main] o.s.b.w.embedded.tomcat.TomcatWebServer  : Tomcat started on port 8092 (http) with context path ''
2025-05-22T08:06:47.766-06:00  INFO 23568 --- [app-parser] [main] .s.c.n.e.s.EurekaAutoServiceRegistration : Updating port to 8092
2025-05-22T08:06:47.794-06:00  INFO 23568 --- [app-parser] [main] appParser.AppParserAplication            : Started AppParserAplication in 8.0 seconds (process running for 9.39)
2025-05-22T08:06:47.821-06:00  INFO 23568 --- [app-parser] [DiscoveryClient-InstanceInfoReplicator-0] com.netflix.discovery.DiscoveryClient    : DiscoveryClient_APP-PARSER/LAPTOP-QD8DGEIF:app-parser:8092 - registration status: 204
2025-05-22T08:11:46.873-06:00  INFO 23568 --- [app-parser] [AsyncResolver-bootstrap-executor-0] c.n.d.s.r.aws.ConfigClusterResolver      : Resolving eureka endpoints via configuration
2025-05-22T08:16:46.891-06:00  INFO 23568 --- [app-parser] [AsyncResolver-bootstrap-executor-0] c.n.d.s.r.aws.ConfigClusterResolver      : Resolving eureka endpoints via configuration
2025-05-22T08:21:46.906-06:00  INFO 23568 --- [app-parser] [AsyncResolver-bootstrap-executor-0] c.n.d.s.r.aws.ConfigClusterResolver      : Resolving eureka endpoints via configuration
2025-05-22T08:26:46.918-06:00  INFO 23568 --- [app-parser] [AsyncResolver-bootstrap-executor-0] c.n.d.s.r.aws.ConfigClusterResolver      : Resolving eureka endpoints via configuration
2025-05-22T08:27:55.554-06:00  INFO 23568 --- [app-parser] [http-nio-8092-exec-5] o.a.c.c.C.[Tomcat].[localhost].[/]       : Initializing Spring DispatcherServlet 'dispatcherServlet'
2025-05-22T08:27:55.760-06:00  INFO 23568 --- [app-parser] [http-nio-8092-exec-5] o.s.web.servlet.DispatcherServlet        : Initializing Servlet 'dispatcherServlet'
2025-05-22T08:27:55.913-06:00  INFO 23568 --- [app-parser] [http-nio-8092-exec-5] o.s.web.servlet.DispatcherServlet        : Completed initialization in 12 ms
2025-05-22T08:31:46.925-06:00  INFO 23568 --- [app-parser] [AsyncResolver-bootstrap-executor-0] c.n.d.s.r.aws.ConfigClusterResolver      : Resolving eureka endpoints via configuration
