2025-05-22T07:55:37.664-06:00  INFO 18200 --- [app-parser] [main] appParser.AppParserAplication            : Starting AppParserAplication using Java 22.0.2 with PID 18200 (C:\Users\HOLA\Desktop\Asig\Compiladores\2doParcial\CompiladorConEureka\CompiladorAPP\AppParser\target\classes started by HOLA in C:\Users\HOLA\Desktop\Asig\Compiladores\2doParcial\CompiladorConEureka\CompiladorAPP\AppParser)
2025-05-22T07:55:37.667-06:00  INFO 18200 --- [app-parser] [main] appParser.AppParserAplication            : No active profile set, falling back to 1 default profile: "default"
2025-05-22T07:55:39.304-06:00  INFO 18200 --- [app-parser] [main] o.s.cloud.context.scope.GenericScope     : BeanFactory id=bb3ecc8d-27d9-3341-97cc-d0feb13170da
2025-05-22T07:55:39.403-06:00  WARN 18200 --- [app-parser] [main] trationDelegate$BeanPostProcessorChecker : Bean 'org.springframework.cloud.client.loadbalancer.LoadBalancerAutoConfiguration$DeferringLoadBalancerInterceptorConfig' of type [org.springframework.cloud.client.loadbalancer.LoadBalancerAutoConfiguration$DeferringLoadBalancerInterceptorConfig] is not eligible for getting processed by all BeanPostProcessors (for example: not eligible for auto-proxying). The currently created BeanPostProcessor [lbRestClientPostProcessor] is declared through a non-static factory method on that class; consider declaring it as static instead.
2025-05-22T07:55:39.415-06:00  WARN 18200 --- [app-parser] [main] trationDelegate$BeanPostProcessorChecker : Bean 'deferringLoadBalancerInterceptor' of type [org.springframework.cloud.client.loadbalancer.DeferringLoadBalancerInterceptor] is not eligible for getting processed by all BeanPostProcessors (for example: not eligible for auto-proxying). Is this bean getting eagerly injected into a currently created BeanPostProcessor [lbRestClientPostProcessor]? Check the corresponding BeanPostProcessor declaration and its dependencies.
2025-05-22T07:55:39.991-06:00  INFO 18200 --- [app-parser] [main] o.s.b.w.embedded.tomcat.TomcatWebServer  : Tomcat initialized with port 8084 (http)
2025-05-22T07:55:40.021-06:00  INFO 18200 --- [app-parser] [main] o.apache.catalina.core.StandardService   : Starting service [Tomcat]
2025-05-22T07:55:40.022-06:00  INFO 18200 --- [app-parser] [main] o.apache.catalina.core.StandardEngine    : Starting Servlet engine: [Apache Tomcat/10.1.19]
2025-05-22T07:55:40.156-06:00  INFO 18200 --- [app-parser] [main] o.a.c.c.C.[Tomcat].[localhost].[/]       : Initializing Spring embedded WebApplicationContext
2025-05-22T07:55:40.157-06:00  INFO 18200 --- [app-parser] [main] w.s.c.ServletWebServerApplicationContext : Root WebApplicationContext: initialization completed in 2397 ms
2025-05-22T07:55:41.626-06:00  INFO 18200 --- [app-parser] [main] DiscoveryClientOptionalArgsConfiguration : Eureka HTTP Client uses RestTemplate.
2025-05-22T07:55:41.717-06:00  WARN 18200 --- [app-parser] [main] iguration$LoadBalancerCaffeineWarnLogger : Spring Cloud LoadBalancer is currently working with the default cache. While this cache implementation is useful for development and tests, it's recommended to use Caffeine cache in production.You can switch to using Caffeine cache, by adding it and org.springframework.cache.caffeine.CaffeineCacheManager to the classpath.
2025-05-22T07:55:41.780-06:00  INFO 18200 --- [app-parser] [main] o.s.c.n.eureka.InstanceInfoFactory       : Setting initial instance status as: STARTING
2025-05-22T07:55:42.006-06:00  INFO 18200 --- [app-parser] [main] com.netflix.discovery.DiscoveryClient    : Initializing Eureka in region us-east-1
2025-05-22T07:55:42.018-06:00  INFO 18200 --- [app-parser] [main] c.n.d.s.r.aws.ConfigClusterResolver      : Resolving eureka endpoints via configuration
2025-05-22T07:55:42.064-06:00  INFO 18200 --- [app-parser] [main] com.netflix.discovery.DiscoveryClient    : Disable delta property : false
2025-05-22T07:55:42.065-06:00  INFO 18200 --- [app-parser] [main] com.netflix.discovery.DiscoveryClient    : Single vip registry refresh property : null
2025-05-22T07:55:42.066-06:00  INFO 18200 --- [app-parser] [main] com.netflix.discovery.DiscoveryClient    : Force full registry fetch : false
2025-05-22T07:55:42.066-06:00  INFO 18200 --- [app-parser] [main] com.netflix.discovery.DiscoveryClient    : Application is null : false
2025-05-22T07:55:42.066-06:00  INFO 18200 --- [app-parser] [main] com.netflix.discovery.DiscoveryClient    : Registered Applications size is zero : true
2025-05-22T07:55:42.066-06:00  INFO 18200 --- [app-parser] [main] com.netflix.discovery.DiscoveryClient    : Application version is -1: true
2025-05-22T07:55:42.067-06:00  INFO 18200 --- [app-parser] [main] com.netflix.discovery.DiscoveryClient    : Getting all instance registry info from the eureka server
2025-05-22T07:55:42.902-06:00  INFO 18200 --- [app-parser] [main] com.netflix.discovery.DiscoveryClient    : The response status is 200
2025-05-22T07:55:42.911-06:00  INFO 18200 --- [app-parser] [main] com.netflix.discovery.DiscoveryClient    : Starting heartbeat executor: renew interval is: 30
2025-05-22T07:55:42.918-06:00  INFO 18200 --- [app-parser] [main] c.n.discovery.InstanceInfoReplicator     : InstanceInfoReplicator onDemand update allowed rate per min is 4
2025-05-22T07:55:42.932-06:00  INFO 18200 --- [app-parser] [main] com.netflix.discovery.DiscoveryClient    : Discovery Client initialized at timestamp 1747922142931 with initial instances count: 2
2025-05-22T07:55:42.938-06:00  INFO 18200 --- [app-parser] [main] o.s.c.n.e.s.EurekaServiceRegistry        : Registering application APP-PARSER with eureka with status UP
2025-05-22T07:55:42.941-06:00  INFO 18200 --- [app-parser] [main] com.netflix.discovery.DiscoveryClient    : Saw local status change event StatusChangeEvent [timestamp=1747922142940, current=UP, previous=STARTING]
2025-05-22T07:55:42.946-06:00  INFO 18200 --- [app-parser] [DiscoveryClient-InstanceInfoReplicator-0] com.netflix.discovery.DiscoveryClient    : DiscoveryClient_APP-PARSER/LAPTOP-QD8DGEIF:app-parser:8084: registering service...
2025-05-22T07:55:42.993-06:00  INFO 18200 --- [app-parser] [main] o.s.b.w.embedded.tomcat.TomcatWebServer  : Tomcat started on port 8084 (http) with context path ''
2025-05-22T07:55:42.995-06:00  INFO 18200 --- [app-parser] [main] .s.c.n.e.s.EurekaAutoServiceRegistration : Updating port to 8084
2025-05-22T07:55:43.021-06:00  INFO 18200 --- [app-parser] [main] appParser.AppParserAplication            : Started AppParserAplication in 6.362 seconds (process running for 7.131)
2025-05-22T07:55:43.054-06:00  INFO 18200 --- [app-parser] [DiscoveryClient-InstanceInfoReplicator-0] com.netflix.discovery.DiscoveryClient    : DiscoveryClient_APP-PARSER/LAPTOP-QD8DGEIF:app-parser:8084 - registration status: 204
