2025-05-22T07:55:35.897-06:00  INFO 19236 --- [app-parser] [main] appParser.AppParserAplication            : Starting AppParserAplication using Java 22.0.2 with PID 19236 (C:\Users\HOLA\Desktop\Asig\Compiladores\2doParcial\CompiladorConEureka\CompiladorAPP\AppParser\target\classes started by HOLA in C:\Users\HOLA\Desktop\Asig\Compiladores\2doParcial\CompiladorConEureka\CompiladorAPP\AppParser)
2025-05-22T07:55:35.901-06:00  INFO 19236 --- [app-parser] [main] appParser.AppParserAplication            : No active profile set, falling back to 1 default profile: "default"
2025-05-22T07:55:37.351-06:00  INFO 19236 --- [app-parser] [main] o.s.cloud.context.scope.GenericScope     : BeanFactory id=bb3ecc8d-27d9-3341-97cc-d0feb13170da
2025-05-22T07:55:37.430-06:00  WARN 19236 --- [app-parser] [main] trationDelegate$BeanPostProcessorChecker : Bean 'org.springframework.cloud.client.loadbalancer.LoadBalancerAutoConfiguration$DeferringLoadBalancerInterceptorConfig' of type [org.springframework.cloud.client.loadbalancer.LoadBalancerAutoConfiguration$DeferringLoadBalancerInterceptorConfig] is not eligible for getting processed by all BeanPostProcessors (for example: not eligible for auto-proxying). The currently created BeanPostProcessor [lbRestClientPostProcessor] is declared through a non-static factory method on that class; consider declaring it as static instead.
2025-05-22T07:55:37.441-06:00  WARN 19236 --- [app-parser] [main] trationDelegate$BeanPostProcessorChecker : Bean 'deferringLoadBalancerInterceptor' of type [org.springframework.cloud.client.loadbalancer.DeferringLoadBalancerInterceptor] is not eligible for getting processed by all BeanPostProcessors (for example: not eligible for auto-proxying). Is this bean getting eagerly injected into a currently created BeanPostProcessor [lbRestClientPostProcessor]? Check the corresponding BeanPostProcessor declaration and its dependencies.
2025-05-22T07:55:37.929-06:00  INFO 19236 --- [app-parser] [main] o.s.b.w.embedded.tomcat.TomcatWebServer  : Tomcat initialized with port 8083 (http)
2025-05-22T07:55:37.968-06:00  INFO 19236 --- [app-parser] [main] o.apache.catalina.core.StandardService   : Starting service [Tomcat]
2025-05-22T07:55:37.970-06:00  INFO 19236 --- [app-parser] [main] o.apache.catalina.core.StandardEngine    : Starting Servlet engine: [Apache Tomcat/10.1.19]
2025-05-22T07:55:38.153-06:00  INFO 19236 --- [app-parser] [main] o.a.c.c.C.[Tomcat].[localhost].[/]       : Initializing Spring embedded WebApplicationContext
2025-05-22T07:55:38.158-06:00  INFO 19236 --- [app-parser] [main] w.s.c.ServletWebServerApplicationContext : Root WebApplicationContext: initialization completed in 2158 ms
2025-05-22T07:55:39.377-06:00  INFO 19236 --- [app-parser] [main] DiscoveryClientOptionalArgsConfiguration : Eureka HTTP Client uses RestTemplate.
2025-05-22T07:55:39.469-06:00  WARN 19236 --- [app-parser] [main] iguration$LoadBalancerCaffeineWarnLogger : Spring Cloud LoadBalancer is currently working with the default cache. While this cache implementation is useful for development and tests, it's recommended to use Caffeine cache in production.You can switch to using Caffeine cache, by adding it and org.springframework.cache.caffeine.CaffeineCacheManager to the classpath.
2025-05-22T07:55:39.551-06:00  INFO 19236 --- [app-parser] [main] o.s.c.n.eureka.InstanceInfoFactory       : Setting initial instance status as: STARTING
2025-05-22T07:55:39.789-06:00  INFO 19236 --- [app-parser] [main] com.netflix.discovery.DiscoveryClient    : Initializing Eureka in region us-east-1
2025-05-22T07:55:39.801-06:00  INFO 19236 --- [app-parser] [main] c.n.d.s.r.aws.ConfigClusterResolver      : Resolving eureka endpoints via configuration
2025-05-22T07:55:39.847-06:00  INFO 19236 --- [app-parser] [main] com.netflix.discovery.DiscoveryClient    : Disable delta property : false
2025-05-22T07:55:39.848-06:00  INFO 19236 --- [app-parser] [main] com.netflix.discovery.DiscoveryClient    : Single vip registry refresh property : null
2025-05-22T07:55:39.849-06:00  INFO 19236 --- [app-parser] [main] com.netflix.discovery.DiscoveryClient    : Force full registry fetch : false
2025-05-22T07:55:39.850-06:00  INFO 19236 --- [app-parser] [main] com.netflix.discovery.DiscoveryClient    : Application is null : false
2025-05-22T07:55:39.850-06:00  INFO 19236 --- [app-parser] [main] com.netflix.discovery.DiscoveryClient    : Registered Applications size is zero : true
2025-05-22T07:55:39.851-06:00  INFO 19236 --- [app-parser] [main] com.netflix.discovery.DiscoveryClient    : Application version is -1: true
2025-05-22T07:55:39.851-06:00  INFO 19236 --- [app-parser] [main] com.netflix.discovery.DiscoveryClient    : Getting all instance registry info from the eureka server
2025-05-22T07:55:40.722-06:00  INFO 19236 --- [app-parser] [main] com.netflix.discovery.DiscoveryClient    : The response status is 200
2025-05-22T07:55:40.730-06:00  INFO 19236 --- [app-parser] [main] com.netflix.discovery.DiscoveryClient    : Starting heartbeat executor: renew interval is: 30
2025-05-22T07:55:40.736-06:00  INFO 19236 --- [app-parser] [main] c.n.discovery.InstanceInfoReplicator     : InstanceInfoReplicator onDemand update allowed rate per min is 4
2025-05-22T07:55:40.749-06:00  INFO 19236 --- [app-parser] [main] com.netflix.discovery.DiscoveryClient    : Discovery Client initialized at timestamp 1747922140747 with initial instances count: 2
2025-05-22T07:55:40.753-06:00  INFO 19236 --- [app-parser] [main] o.s.c.n.e.s.EurekaServiceRegistry        : Registering application APP-PARSER with eureka with status UP
2025-05-22T07:55:40.755-06:00  INFO 19236 --- [app-parser] [main] com.netflix.discovery.DiscoveryClient    : Saw local status change event StatusChangeEvent [timestamp=1747922140755, current=UP, previous=STARTING]
2025-05-22T07:55:40.759-06:00  INFO 19236 --- [app-parser] [DiscoveryClient-InstanceInfoReplicator-0] com.netflix.discovery.DiscoveryClient    : DiscoveryClient_APP-PARSER/LAPTOP-QD8DGEIF:app-parser:8083: registering service...
2025-05-22T07:55:40.798-06:00  INFO 19236 --- [app-parser] [main] o.s.b.w.embedded.tomcat.TomcatWebServer  : Tomcat started on port 8083 (http) with context path ''
2025-05-22T07:55:40.800-06:00  INFO 19236 --- [app-parser] [main] .s.c.n.e.s.EurekaAutoServiceRegistration : Updating port to 8083
2025-05-22T07:55:40.827-06:00  INFO 19236 --- [app-parser] [main] appParser.AppParserAplication            : Started AppParserAplication in 6.089 seconds (process running for 6.937)
2025-05-22T07:55:40.851-06:00  INFO 19236 --- [app-parser] [DiscoveryClient-InstanceInfoReplicator-0] com.netflix.discovery.DiscoveryClient    : DiscoveryClient_APP-PARSER/LAPTOP-QD8DGEIF:app-parser:8083 - registration status: 204
