2025-05-22T08:06:36.801-06:00  INFO 9772 --- [app-parser] [main] appParser.AppParserAplication            : Starting AppParserAplication using Java 22.0.2 with PID 9772 (C:\Users\HOLA\Desktop\Asig\Compiladores\2doParcial\CompiladorConEureka\CompiladorAPP\AppParser\target\classes started by HOLA in C:\Users\HOLA\Desktop\Asig\Compiladores\2doParcial\CompiladorConEureka\CompiladorAPP\AppParser)
2025-05-22T08:06:36.811-06:00  INFO 9772 --- [app-parser] [main] appParser.AppParserAplication            : No active profile set, falling back to 1 default profile: "default"
2025-05-22T08:06:39.721-06:00  INFO 9772 --- [app-parser] [main] o.s.cloud.context.scope.GenericScope     : BeanFactory id=bb3ecc8d-27d9-3341-97cc-d0feb13170da
2025-05-22T08:06:39.850-06:00  WARN 9772 --- [app-parser] [main] trationDelegate$BeanPostProcessorChecker : Bean 'org.springframework.cloud.client.loadbalancer.LoadBalancerAutoConfiguration$DeferringLoadBalancerInterceptorConfig' of type [org.springframework.cloud.client.loadbalancer.LoadBalancerAutoConfiguration$DeferringLoadBalancerInterceptorConfig] is not eligible for getting processed by all BeanPostProcessors (for example: not eligible for auto-proxying). The currently created BeanPostProcessor [lbRestClientPostProcessor] is declared through a non-static factory method on that class; consider declaring it as static instead.
2025-05-22T08:06:39.868-06:00  WARN 9772 --- [app-parser] [main] trationDelegate$BeanPostProcessorChecker : Bean 'deferringLoadBalancerInterceptor' of type [org.springframework.cloud.client.loadbalancer.DeferringLoadBalancerInterceptor] is not eligible for getting processed by all BeanPostProcessors (for example: not eligible for auto-proxying). Is this bean getting eagerly injected into a currently created BeanPostProcessor [lbRestClientPostProcessor]? Check the corresponding BeanPostProcessor declaration and its dependencies.
2025-05-22T08:06:40.653-06:00  INFO 9772 --- [app-parser] [main] o.s.b.w.embedded.tomcat.TomcatWebServer  : Tomcat initialized with port 8091 (http)
2025-05-22T08:06:40.700-06:00  INFO 9772 --- [app-parser] [main] o.apache.catalina.core.StandardService   : Starting service [Tomcat]
2025-05-22T08:06:40.702-06:00  INFO 9772 --- [app-parser] [main] o.apache.catalina.core.StandardEngine    : Starting Servlet engine: [Apache Tomcat/10.1.19]
2025-05-22T08:06:40.945-06:00  INFO 9772 --- [app-parser] [main] o.a.c.c.C.[Tomcat].[localhost].[/]       : Initializing Spring embedded WebApplicationContext
2025-05-22T08:06:40.946-06:00  INFO 9772 --- [app-parser] [main] w.s.c.ServletWebServerApplicationContext : Root WebApplicationContext: initialization completed in 3958 ms
2025-05-22T08:06:43.070-06:00  INFO 9772 --- [app-parser] [main] DiscoveryClientOptionalArgsConfiguration : Eureka HTTP Client uses RestTemplate.
2025-05-22T08:06:43.225-06:00  WARN 9772 --- [app-parser] [main] iguration$LoadBalancerCaffeineWarnLogger : Spring Cloud LoadBalancer is currently working with the default cache. While this cache implementation is useful for development and tests, it's recommended to use Caffeine cache in production.You can switch to using Caffeine cache, by adding it and org.springframework.cache.caffeine.CaffeineCacheManager to the classpath.
2025-05-22T08:06:43.308-06:00  INFO 9772 --- [app-parser] [main] o.s.c.n.eureka.InstanceInfoFactory       : Setting initial instance status as: STARTING
2025-05-22T08:06:43.627-06:00  INFO 9772 --- [app-parser] [main] com.netflix.discovery.DiscoveryClient    : Initializing Eureka in region us-east-1
2025-05-22T08:06:43.644-06:00  INFO 9772 --- [app-parser] [main] c.n.d.s.r.aws.ConfigClusterResolver      : Resolving eureka endpoints via configuration
2025-05-22T08:06:43.712-06:00  INFO 9772 --- [app-parser] [main] com.netflix.discovery.DiscoveryClient    : Disable delta property : false
2025-05-22T08:06:43.714-06:00  INFO 9772 --- [app-parser] [main] com.netflix.discovery.DiscoveryClient    : Single vip registry refresh property : null
2025-05-22T08:06:43.715-06:00  INFO 9772 --- [app-parser] [main] com.netflix.discovery.DiscoveryClient    : Force full registry fetch : false
2025-05-22T08:06:43.716-06:00  INFO 9772 --- [app-parser] [main] com.netflix.discovery.DiscoveryClient    : Application is null : false
2025-05-22T08:06:43.718-06:00  INFO 9772 --- [app-parser] [main] com.netflix.discovery.DiscoveryClient    : Registered Applications size is zero : true
2025-05-22T08:06:43.719-06:00  INFO 9772 --- [app-parser] [main] com.netflix.discovery.DiscoveryClient    : Application version is -1: true
2025-05-22T08:06:43.720-06:00  INFO 9772 --- [app-parser] [main] com.netflix.discovery.DiscoveryClient    : Getting all instance registry info from the eureka server
2025-05-22T08:06:44.840-06:00  INFO 9772 --- [app-parser] [main] com.netflix.discovery.DiscoveryClient    : The response status is 200
2025-05-22T08:06:44.846-06:00  INFO 9772 --- [app-parser] [main] com.netflix.discovery.DiscoveryClient    : Starting heartbeat executor: renew interval is: 30
2025-05-22T08:06:44.853-06:00  INFO 9772 --- [app-parser] [main] c.n.discovery.InstanceInfoReplicator     : InstanceInfoReplicator onDemand update allowed rate per min is 4
2025-05-22T08:06:44.867-06:00  INFO 9772 --- [app-parser] [main] com.netflix.discovery.DiscoveryClient    : Discovery Client initialized at timestamp 1747922804865 with initial instances count: 10
2025-05-22T08:06:44.872-06:00  INFO 9772 --- [app-parser] [main] o.s.c.n.e.s.EurekaServiceRegistry        : Registering application APP-PARSER with eureka with status UP
2025-05-22T08:06:44.874-06:00  INFO 9772 --- [app-parser] [main] com.netflix.discovery.DiscoveryClient    : Saw local status change event StatusChangeEvent [timestamp=1747922804874, current=UP, previous=STARTING]
2025-05-22T08:06:44.878-06:00  INFO 9772 --- [app-parser] [DiscoveryClient-InstanceInfoReplicator-0] com.netflix.discovery.DiscoveryClient    : DiscoveryClient_APP-PARSER/LAPTOP-QD8DGEIF:app-parser:8091: registering service...
2025-05-22T08:06:44.937-06:00  INFO 9772 --- [app-parser] [main] o.s.b.w.embedded.tomcat.TomcatWebServer  : Tomcat started on port 8091 (http) with context path ''
2025-05-22T08:06:44.939-06:00  INFO 9772 --- [app-parser] [main] .s.c.n.e.s.EurekaAutoServiceRegistration : Updating port to 8091
2025-05-22T08:06:44.972-06:00  INFO 9772 --- [app-parser] [main] appParser.AppParserAplication            : Started AppParserAplication in 10.254 seconds (process running for 11.573)
2025-05-22T08:06:44.994-06:00  INFO 9772 --- [app-parser] [DiscoveryClient-InstanceInfoReplicator-0] com.netflix.discovery.DiscoveryClient    : DiscoveryClient_APP-PARSER/LAPTOP-QD8DGEIF:app-parser:8091 - registration status: 204
2025-05-22T08:11:43.739-06:00  INFO 9772 --- [app-parser] [AsyncResolver-bootstrap-executor-0] c.n.d.s.r.aws.ConfigClusterResolver      : Resolving eureka endpoints via configuration
2025-05-22T08:16:43.760-06:00  INFO 9772 --- [app-parser] [AsyncResolver-bootstrap-executor-0] c.n.d.s.r.aws.ConfigClusterResolver      : Resolving eureka endpoints via configuration
2025-05-22T08:21:43.772-06:00  INFO 9772 --- [app-parser] [AsyncResolver-bootstrap-executor-0] c.n.d.s.r.aws.ConfigClusterResolver      : Resolving eureka endpoints via configuration
2025-05-22T08:26:43.781-06:00  INFO 9772 --- [app-parser] [AsyncResolver-bootstrap-executor-0] c.n.d.s.r.aws.ConfigClusterResolver      : Resolving eureka endpoints via configuration
2025-05-22T08:27:55.609-06:00  INFO 9772 --- [app-parser] [http-nio-8091-exec-2] o.a.c.c.C.[Tomcat].[localhost].[/]       : Initializing Spring DispatcherServlet 'dispatcherServlet'
2025-05-22T08:27:55.611-06:00  INFO 9772 --- [app-parser] [http-nio-8091-exec-2] o.s.web.servlet.DispatcherServlet        : Initializing Servlet 'dispatcherServlet'
2025-05-22T08:27:55.617-06:00  INFO 9772 --- [app-parser] [http-nio-8091-exec-2] o.s.web.servlet.DispatcherServlet        : Completed initialization in 3 ms
2025-05-22T08:31:43.790-06:00  INFO 9772 --- [app-parser] [AsyncResolver-bootstrap-executor-0] c.n.d.s.r.aws.ConfigClusterResolver      : Resolving eureka endpoints via configuration
