2025-05-22T07:58:18.743-06:00  INFO 19356 --- [app-semantica] [main] appSemantica.AppSemanticaAplication      : Starting AppSemanticaAplication using Java 22.0.2 with PID 19356 (C:\Users\HOLA\Desktop\Asig\Compiladores\2doParcial\CompiladorConEureka\CompiladorAPP\AppSemantica\target\classes started by HOLA in C:\Users\HOLA\Desktop\Asig\Compiladores\2doParcial\CompiladorConEureka\CompiladorAPP\AppSemantica)
2025-05-22T07:58:18.747-06:00  INFO 19356 --- [app-semantica] [main] appSemantica.AppSemanticaAplication      : No active profile set, falling back to 1 default profile: "default"
2025-05-22T07:58:20.161-06:00  INFO 19356 --- [app-semantica] [main] o.s.cloud.context.scope.GenericScope     : BeanFactory id=6e3f5259-4764-39f6-bc6c-f0e056b6f06a
2025-05-22T07:58:20.256-06:00  WARN 19356 --- [app-semantica] [main] trationDelegate$BeanPostProcessorChecker : Bean 'org.springframework.cloud.client.loadbalancer.LoadBalancerAutoConfiguration$DeferringLoadBalancerInterceptorConfig' of type [org.springframework.cloud.client.loadbalancer.LoadBalancerAutoConfiguration$DeferringLoadBalancerInterceptorConfig] is not eligible for getting processed by all BeanPostProcessors (for example: not eligible for auto-proxying). The currently created BeanPostProcessor [lbRestClientPostProcessor] is declared through a non-static factory method on that class; consider declaring it as static instead.
2025-05-22T07:58:20.269-06:00  WARN 19356 --- [app-semantica] [main] trationDelegate$BeanPostProcessorChecker : Bean 'deferringLoadBalancerInterceptor' of type [org.springframework.cloud.client.loadbalancer.DeferringLoadBalancerInterceptor] is not eligible for getting processed by all BeanPostProcessors (for example: not eligible for auto-proxying). Is this bean getting eagerly injected into a currently created BeanPostProcessor [lbRestClientPostProcessor]? Check the corresponding BeanPostProcessor declaration and its dependencies.
2025-05-22T07:58:20.722-06:00  INFO 19356 --- [app-semantica] [main] o.s.b.w.embedded.tomcat.TomcatWebServer  : Tomcat initialized with port 8088 (http)
2025-05-22T07:58:20.748-06:00  INFO 19356 --- [app-semantica] [main] o.apache.catalina.core.StandardService   : Starting service [Tomcat]
2025-05-22T07:58:20.750-06:00  INFO 19356 --- [app-semantica] [main] o.apache.catalina.core.StandardEngine    : Starting Servlet engine: [Apache Tomcat/10.1.19]
2025-05-22T07:58:20.889-06:00  INFO 19356 --- [app-semantica] [main] o.a.c.c.C.[Tomcat].[localhost].[/]       : Initializing Spring embedded WebApplicationContext
2025-05-22T07:58:20.891-06:00  INFO 19356 --- [app-semantica] [main] w.s.c.ServletWebServerApplicationContext : Root WebApplicationContext: initialization completed in 2048 ms
2025-05-22T07:58:21.925-06:00  INFO 19356 --- [app-semantica] [main] DiscoveryClientOptionalArgsConfiguration : Eureka HTTP Client uses RestTemplate.
2025-05-22T07:58:21.994-06:00  WARN 19356 --- [app-semantica] [main] iguration$LoadBalancerCaffeineWarnLogger : Spring Cloud LoadBalancer is currently working with the default cache. While this cache implementation is useful for development and tests, it's recommended to use Caffeine cache in production.You can switch to using Caffeine cache, by adding it and org.springframework.cache.caffeine.CaffeineCacheManager to the classpath.
2025-05-22T07:58:22.042-06:00  INFO 19356 --- [app-semantica] [main] o.s.c.n.eureka.InstanceInfoFactory       : Setting initial instance status as: STARTING
2025-05-22T07:58:22.220-06:00  INFO 19356 --- [app-semantica] [main] com.netflix.discovery.DiscoveryClient    : Initializing Eureka in region us-east-1
2025-05-22T07:58:22.229-06:00  INFO 19356 --- [app-semantica] [main] c.n.d.s.r.aws.ConfigClusterResolver      : Resolving eureka endpoints via configuration
2025-05-22T07:58:22.267-06:00  INFO 19356 --- [app-semantica] [main] com.netflix.discovery.DiscoveryClient    : Disable delta property : false
2025-05-22T07:58:22.268-06:00  INFO 19356 --- [app-semantica] [main] com.netflix.discovery.DiscoveryClient    : Single vip registry refresh property : null
2025-05-22T07:58:22.269-06:00  INFO 19356 --- [app-semantica] [main] com.netflix.discovery.DiscoveryClient    : Force full registry fetch : false
2025-05-22T07:58:22.269-06:00  INFO 19356 --- [app-semantica] [main] com.netflix.discovery.DiscoveryClient    : Application is null : false
2025-05-22T07:58:22.270-06:00  INFO 19356 --- [app-semantica] [main] com.netflix.discovery.DiscoveryClient    : Registered Applications size is zero : true
2025-05-22T07:58:22.270-06:00  INFO 19356 --- [app-semantica] [main] com.netflix.discovery.DiscoveryClient    : Application version is -1: true
2025-05-22T07:58:22.270-06:00  INFO 19356 --- [app-semantica] [main] com.netflix.discovery.DiscoveryClient    : Getting all instance registry info from the eureka server
2025-05-22T07:58:22.912-06:00  INFO 19356 --- [app-semantica] [main] com.netflix.discovery.DiscoveryClient    : The response status is 200
2025-05-22T07:58:22.917-06:00  INFO 19356 --- [app-semantica] [main] com.netflix.discovery.DiscoveryClient    : Starting heartbeat executor: renew interval is: 30
2025-05-22T07:58:22.923-06:00  INFO 19356 --- [app-semantica] [main] c.n.discovery.InstanceInfoReplicator     : InstanceInfoReplicator onDemand update allowed rate per min is 4
2025-05-22T07:58:22.932-06:00  INFO 19356 --- [app-semantica] [main] com.netflix.discovery.DiscoveryClient    : Discovery Client initialized at timestamp 1747922302931 with initial instances count: 6
2025-05-22T07:58:22.936-06:00  INFO 19356 --- [app-semantica] [main] o.s.c.n.e.s.EurekaServiceRegistry        : Registering application APP-SEMANTICA with eureka with status UP
2025-05-22T07:58:22.938-06:00  INFO 19356 --- [app-semantica] [main] com.netflix.discovery.DiscoveryClient    : Saw local status change event StatusChangeEvent [timestamp=1747922302938, current=UP, previous=STARTING]
2025-05-22T07:58:22.941-06:00  INFO 19356 --- [app-semantica] [DiscoveryClient-InstanceInfoReplicator-0] com.netflix.discovery.DiscoveryClient    : DiscoveryClient_APP-SEMANTICA/LAPTOP-QD8DGEIF:app-semantica:8088: registering service...
2025-05-22T07:58:22.973-06:00  INFO 19356 --- [app-semantica] [main] o.s.b.w.embedded.tomcat.TomcatWebServer  : Tomcat started on port 8088 (http) with context path ''
2025-05-22T07:58:22.976-06:00  INFO 19356 --- [app-semantica] [main] .s.c.n.e.s.EurekaAutoServiceRegistration : Updating port to 8088
2025-05-22T07:58:22.995-06:00  INFO 19356 --- [app-semantica] [main] appSemantica.AppSemanticaAplication      : Started AppSemanticaAplication in 5.258 seconds (process running for 5.99)
2025-05-22T07:58:23.015-06:00  INFO 19356 --- [app-semantica] [DiscoveryClient-InstanceInfoReplicator-0] com.netflix.discovery.DiscoveryClient    : DiscoveryClient_APP-SEMANTICA/LAPTOP-QD8DGEIF:app-semantica:8088 - registration status: 204
2025-05-22T08:03:22.282-06:00  INFO 19356 --- [app-semantica] [AsyncResolver-bootstrap-executor-0] c.n.d.s.r.aws.ConfigClusterResolver      : Resolving eureka endpoints via configuration
