2025-05-22T07:58:17.019-06:00  INFO 1232 --- [app-semantica] [main] appSemantica.AppSemanticaAplication      : Starting AppSemanticaAplication using Java 22.0.2 with PID 1232 (C:\Users\HOLA\Desktop\Asig\Compiladores\2doParcial\CompiladorConEureka\CompiladorAPP\AppSemantica\target\classes started by HOLA in C:\Users\HOLA\Desktop\Asig\Compiladores\2doParcial\CompiladorConEureka\CompiladorAPP\AppSemantica)
2025-05-22T07:58:17.024-06:00  INFO 1232 --- [app-semantica] [main] appSemantica.AppSemanticaAplication      : No active profile set, falling back to 1 default profile: "default"
2025-05-22T07:58:18.463-06:00  INFO 1232 --- [app-semantica] [main] o.s.cloud.context.scope.GenericScope     : BeanFactory id=6e3f5259-4764-39f6-bc6c-f0e056b6f06a
2025-05-22T07:58:18.546-06:00  WARN 1232 --- [app-semantica] [main] trationDelegate$BeanPostProcessorChecker : Bean 'org.springframework.cloud.client.loadbalancer.LoadBalancerAutoConfiguration$DeferringLoadBalancerInterceptorConfig' of type [org.springframework.cloud.client.loadbalancer.LoadBalancerAutoConfiguration$DeferringLoadBalancerInterceptorConfig] is not eligible for getting processed by all BeanPostProcessors (for example: not eligible for auto-proxying). The currently created BeanPostProcessor [lbRestClientPostProcessor] is declared through a non-static factory method on that class; consider declaring it as static instead.
2025-05-22T07:58:18.556-06:00  WARN 1232 --- [app-semantica] [main] trationDelegate$BeanPostProcessorChecker : Bean 'deferringLoadBalancerInterceptor' of type [org.springframework.cloud.client.loadbalancer.DeferringLoadBalancerInterceptor] is not eligible for getting processed by all BeanPostProcessors (for example: not eligible for auto-proxying). Is this bean getting eagerly injected into a currently created BeanPostProcessor [lbRestClientPostProcessor]? Check the corresponding BeanPostProcessor declaration and its dependencies.
2025-05-22T07:58:19.023-06:00  INFO 1232 --- [app-semantica] [main] o.s.b.w.embedded.tomcat.TomcatWebServer  : Tomcat initialized with port 8087 (http)
2025-05-22T07:58:19.050-06:00  INFO 1232 --- [app-semantica] [main] o.apache.catalina.core.StandardService   : Starting service [Tomcat]
2025-05-22T07:58:19.051-06:00  INFO 1232 --- [app-semantica] [main] o.apache.catalina.core.StandardEngine    : Starting Servlet engine: [Apache Tomcat/10.1.19]
2025-05-22T07:58:19.186-06:00  INFO 1232 --- [app-semantica] [main] o.a.c.c.C.[Tomcat].[localhost].[/]       : Initializing Spring embedded WebApplicationContext
2025-05-22T07:58:19.186-06:00  INFO 1232 --- [app-semantica] [main] w.s.c.ServletWebServerApplicationContext : Root WebApplicationContext: initialization completed in 2060 ms
2025-05-22T07:58:20.287-06:00  INFO 1232 --- [app-semantica] [main] DiscoveryClientOptionalArgsConfiguration : Eureka HTTP Client uses RestTemplate.
2025-05-22T07:58:20.360-06:00  WARN 1232 --- [app-semantica] [main] iguration$LoadBalancerCaffeineWarnLogger : Spring Cloud LoadBalancer is currently working with the default cache. While this cache implementation is useful for development and tests, it's recommended to use Caffeine cache in production.You can switch to using Caffeine cache, by adding it and org.springframework.cache.caffeine.CaffeineCacheManager to the classpath.
2025-05-22T07:58:20.410-06:00  INFO 1232 --- [app-semantica] [main] o.s.c.n.eureka.InstanceInfoFactory       : Setting initial instance status as: STARTING
2025-05-22T07:58:20.595-06:00  INFO 1232 --- [app-semantica] [main] com.netflix.discovery.DiscoveryClient    : Initializing Eureka in region us-east-1
2025-05-22T07:58:20.604-06:00  INFO 1232 --- [app-semantica] [main] c.n.d.s.r.aws.ConfigClusterResolver      : Resolving eureka endpoints via configuration
2025-05-22T07:58:20.641-06:00  INFO 1232 --- [app-semantica] [main] com.netflix.discovery.DiscoveryClient    : Disable delta property : false
2025-05-22T07:58:20.642-06:00  INFO 1232 --- [app-semantica] [main] com.netflix.discovery.DiscoveryClient    : Single vip registry refresh property : null
2025-05-22T07:58:20.642-06:00  INFO 1232 --- [app-semantica] [main] com.netflix.discovery.DiscoveryClient    : Force full registry fetch : false
2025-05-22T07:58:20.643-06:00  INFO 1232 --- [app-semantica] [main] com.netflix.discovery.DiscoveryClient    : Application is null : false
2025-05-22T07:58:20.643-06:00  INFO 1232 --- [app-semantica] [main] com.netflix.discovery.DiscoveryClient    : Registered Applications size is zero : true
2025-05-22T07:58:20.644-06:00  INFO 1232 --- [app-semantica] [main] com.netflix.discovery.DiscoveryClient    : Application version is -1: true
2025-05-22T07:58:20.644-06:00  INFO 1232 --- [app-semantica] [main] com.netflix.discovery.DiscoveryClient    : Getting all instance registry info from the eureka server
2025-05-22T07:58:21.320-06:00  INFO 1232 --- [app-semantica] [main] com.netflix.discovery.DiscoveryClient    : The response status is 200
2025-05-22T07:58:21.326-06:00  INFO 1232 --- [app-semantica] [main] com.netflix.discovery.DiscoveryClient    : Starting heartbeat executor: renew interval is: 30
2025-05-22T07:58:21.331-06:00  INFO 1232 --- [app-semantica] [main] c.n.discovery.InstanceInfoReplicator     : InstanceInfoReplicator onDemand update allowed rate per min is 4
2025-05-22T07:58:21.342-06:00  INFO 1232 --- [app-semantica] [main] com.netflix.discovery.DiscoveryClient    : Discovery Client initialized at timestamp 1747922301341 with initial instances count: 6
2025-05-22T07:58:21.345-06:00  INFO 1232 --- [app-semantica] [main] o.s.c.n.e.s.EurekaServiceRegistry        : Registering application APP-SEMANTICA with eureka with status UP
2025-05-22T07:58:21.347-06:00  INFO 1232 --- [app-semantica] [main] com.netflix.discovery.DiscoveryClient    : Saw local status change event StatusChangeEvent [timestamp=1747922301347, current=UP, previous=STARTING]
2025-05-22T07:58:21.350-06:00  INFO 1232 --- [app-semantica] [DiscoveryClient-InstanceInfoReplicator-0] com.netflix.discovery.DiscoveryClient    : DiscoveryClient_APP-SEMANTICA/LAPTOP-QD8DGEIF:app-semantica:8087: registering service...
2025-05-22T07:58:21.397-06:00  INFO 1232 --- [app-semantica] [main] o.s.b.w.embedded.tomcat.TomcatWebServer  : Tomcat started on port 8087 (http) with context path ''
2025-05-22T07:58:21.399-06:00  INFO 1232 --- [app-semantica] [main] .s.c.n.e.s.EurekaAutoServiceRegistration : Updating port to 8087
2025-05-22T07:58:21.421-06:00  INFO 1232 --- [app-semantica] [main] appSemantica.AppSemanticaAplication      : Started AppSemanticaAplication in 5.504 seconds (process running for 6.292)
2025-05-22T07:58:21.430-06:00  INFO 1232 --- [app-semantica] [DiscoveryClient-InstanceInfoReplicator-0] com.netflix.discovery.DiscoveryClient    : DiscoveryClient_APP-SEMANTICA/LAPTOP-QD8DGEIF:app-semantica:8087 - registration status: 204
2025-05-22T08:03:20.658-06:00  INFO 1232 --- [app-semantica] [AsyncResolver-bootstrap-executor-0] c.n.d.s.r.aws.ConfigClusterResolver      : Resolving eureka endpoints via configuration
